<?xml version="1.0" encoding="UTF-8"?>
<coverage generated="1782530921749" clover="3.2.0">
  <project timestamp="1782530921749" name="All files">
    <metrics statements="532" coveredstatements="235" conditionals="501" coveredconditionals="172" methods="70" coveredmethods="44" elements="1103" coveredelements="451" complexity="0" loc="532" ncloc="532" packages="2" files="2" classes="2"/>
    <package name="Amplenote-Spaced-Repetition">
      <metrics statements="531" coveredstatements="234" conditionals="501" coveredconditionals="172" methods="63" coveredmethods="42"/>
      <file name="plugin.js" path="/Users/thewytchhaus/Documents/GitHub/Amplenote-Spaced-Repetition/plugin.js">
        <metrics statements="531" coveredstatements="234" conditionals="501" coveredconditionals="172" methods="63" coveredmethods="42"/>
        <line num="1" count="4" type="stmt"/>
        <line num="5" count="39" type="stmt"/>
        <line num="6" count="39" type="stmt"/>
        <line num="7" count="39" type="stmt"/>
        <line num="8" count="39" type="stmt"/>
        <line num="9" count="953" type="cond" truecount="1" falsecount="1"/>
        <line num="10" count="0" type="cond" truecount="0" falsecount="2"/>
        <line num="11" count="0" type="stmt"/>
        <line num="12" count="0" type="stmt"/>
        <line num="14" count="0" type="stmt"/>
        <line num="17" count="953" type="cond" truecount="4" falsecount="0"/>
        <line num="18" count="137" type="stmt"/>
        <line num="19" count="137" type="stmt"/>
        <line num="21" count="816" type="stmt"/>
        <line num="24" count="39" type="stmt"/>
        <line num="26" count="39" type="cond" truecount="1" falsecount="1"/>
        <line num="27" count="98" type="stmt"/>
        <line num="29" count="0" type="stmt"/>
        <line num="33" count="7" type="stmt"/>
        <line num="34" count="7" type="cond" truecount="3" falsecount="1"/>
        <line num="35" count="7" type="stmt"/>
        <line num="38" count="7" type="stmt"/>
        <line num="40" count="27" type="cond" truecount="1" falsecount="1"/>
        <line num="41" count="0" type="stmt"/>
        <line num="42" count="0" type="stmt"/>
        <line num="43" count="0" type="stmt"/>
        <line num="45" count="0" type="cond" truecount="0" falsecount="2"/>
        <line num="46" count="0" type="cond" truecount="0" falsecount="2"/>
        <line num="47" count="0" type="stmt"/>
        <line num="48" count="0" type="cond" truecount="0" falsecount="2"/>
        <line num="49" count="0" type="stmt"/>
        <line num="51" count="0" type="stmt"/>
        <line num="53" count="0" type="stmt"/>
        <line num="56" count="0" type="cond" truecount="0" falsecount="2"/>
        <line num="58" count="0" type="stmt"/>
        <line num="59" count="0" type="stmt"/>
        <line num="61" count="0" type="cond" truecount="0" falsecount="4"/>
        <line num="62" count="0" type="stmt"/>
        <line num="63" count="0" type="cond" truecount="0" falsecount="2"/>
        <line num="64" count="0" type="stmt"/>
        <line num="65" count="0" type="stmt"/>
        <line num="69" count="0" type="stmt"/>
        <line num="70" count="0" type="cond" truecount="0" falsecount="2"/>
        <line num="71" count="0" type="stmt"/>
        <line num="72" count="0" type="stmt"/>
        <line num="73" count="0" type="stmt"/>
        <line num="75" count="0" type="stmt"/>
        <line num="79" count="0" type="stmt"/>
        <line num="93" count="7" type="stmt"/>
        <line num="94" count="15" type="stmt"/>
        <line num="95" count="15" type="cond" truecount="2" falsecount="0"/>
        <line num="97" count="8" type="stmt"/>
        <line num="98" count="21" type="stmt"/>
        <line num="104" count="8" type="stmt"/>
        <line num="105" count="8" type="stmt"/>
        <line num="108" count="21" type="stmt"/>
        <line num="109" count="8" type="stmt"/>
        <line num="110" count="8" type="cond" truecount="2" falsecount="0"/>
        <line num="111" count="6" type="stmt"/>
        <line num="112" count="15" type="cond" truecount="2" falsecount="0"/>
        <line num="115" count="8" type="cond" truecount="4" falsecount="0"/>
        <line num="117" count="6" type="stmt"/>
        <line num="119" count="6" type="cond" truecount="1" falsecount="1"/>
        <line num="123" count="6" type="stmt"/>
        <line num="126" count="6" type="cond" truecount="2" falsecount="0"/>
        <line num="127" count="6" type="stmt"/>
        <line num="130" count="15" type="stmt"/>
        <line num="131" count="6" type="cond" truecount="1" falsecount="1"/>
        <line num="132" count="15" type="cond" truecount="3" falsecount="1"/>
        <line num="133" count="0" type="cond" truecount="0" falsecount="2"/>
        <line num="135" count="0" type="stmt"/>
        <line num="139" count="8" type="cond" truecount="1" falsecount="1"/>
        <line num="140" count="0" type="stmt"/>
        <line num="141" count="0" type="stmt"/>
        <line num="144" count="6" type="cond" truecount="2" falsecount="4"/>
        <line num="146" count="6" type="stmt"/>
        <line num="147" count="6" type="stmt"/>
        <line num="148" count="6" type="stmt"/>
        <line num="150" count="6" type="cond" truecount="4" falsecount="0"/>
        <line num="151" count="3" type="stmt"/>
        <line num="152" count="4" type="cond" truecount="2" falsecount="0"/>
        <line num="153" count="2" type="cond" truecount="2" falsecount="0"/>
        <line num="158" count="1" type="stmt"/>
        <line num="159" count="1" type="cond" truecount="3" falsecount="1"/>
        <line num="160" count="1" type="cond" truecount="3" falsecount="1"/>
        <line num="161" count="1" type="cond" truecount="2" falsecount="2"/>
        <line num="166" count="6" type="cond" truecount="3" falsecount="1"/>
        <line num="170" count="6" type="cond" truecount="3" falsecount="1"/>
        <line num="175" count="6" type="cond" truecount="2" falsecount="2"/>
        <line num="176" count="0" type="stmt"/>
        <line num="180" count="0" type="stmt"/>
        <line num="184" count="0" type="stmt"/>
        <line num="188" count="6" type="stmt"/>
        <line num="189" count="15" type="stmt"/>
        <line num="190" count="15" type="stmt"/>
        <line num="191" count="6" type="cond" truecount="3" falsecount="1"/>
        <line num="192" count="0" type="cond" truecount="0" falsecount="2"/>
        <line num="194" count="6" type="cond" truecount="3" falsecount="1"/>
        <line num="195" count="0" type="cond" truecount="0" falsecount="2"/>
        <line num="197" count="0" type="cond" truecount="0" falsecount="2"/>
        <line num="198" count="0" type="stmt"/>
        <line num="200" count="0" type="stmt"/>
        <line num="201" count="0" type="cond" truecount="0" falsecount="4"/>
        <line num="202" count="0" type="stmt"/>
        <line num="204" count="0" type="stmt"/>
        <line num="211" count="6" type="cond" truecount="1" falsecount="1"/>
        <line num="213" count="6" type="cond" truecount="3" falsecount="1"/>
        <line num="214" count="6" type="stmt"/>
        <line num="215" count="6" type="cond" truecount="4" falsecount="0"/>
        <line num="216" count="6" type="cond" truecount="2" falsecount="0"/>
        <line num="217" count="2" type="stmt"/>
        <line num="219" count="2" type="stmt"/>
        <line num="220" count="2" type="stmt"/>
        <line num="222" count="0" type="stmt"/>
        <line num="223" count="0" type="stmt"/>
        <line num="227" count="0" type="stmt"/>
        <line num="228" count="0" type="stmt"/>
        <line num="233" count="6" type="stmt"/>
        <line num="241" count="6" type="stmt"/>
        <line num="243" count="6" type="stmt"/>
        <line num="246" count="7" type="stmt"/>
        <line num="250" count="1" type="stmt"/>
        <line num="251" count="1" type="cond" truecount="1" falsecount="1"/>
        <line num="253" count="1" type="stmt"/>
        <line num="254" count="1" type="stmt"/>
        <line num="255" count="2" type="cond" truecount="1" falsecount="1"/>
        <line num="256" count="2" type="stmt"/>
        <line num="257" count="6" type="stmt"/>
        <line num="263" count="2" type="cond" truecount="4" falsecount="0"/>
        <line num="264" count="1" type="stmt"/>
        <line num="265" count="1" type="stmt"/>
        <line num="269" count="1" type="cond" truecount="1" falsecount="1"/>
        <line num="271" count="1" type="stmt"/>
        <line num="272" count="3" type="stmt"/>
        <line num="274" count="3" type="stmt"/>
        <line num="275" count="1" type="stmt"/>
        <line num="276" count="1" type="stmt"/>
        <line num="277" count="1" type="cond" truecount="1" falsecount="1"/>
        <line num="278" count="0" type="stmt"/>
        <line num="279" count="0" type="cond" truecount="0" falsecount="2"/>
        <line num="282" count="1" type="cond" truecount="1" falsecount="1"/>
        <line num="285" count="1" type="cond" truecount="1" falsecount="1"/>
        <line num="286" count="0" type="stmt"/>
        <line num="288" count="0" type="stmt"/>
        <line num="289" count="0" type="stmt"/>
        <line num="291" count="0" type="cond" truecount="0" falsecount="2"/>
        <line num="292" count="0" type="stmt"/>
        <line num="293" count="0" type="stmt"/>
        <line num="295" count="0" type="stmt"/>
        <line num="298" count="0" type="stmt"/>
        <line num="299" count="0" type="cond" truecount="0" falsecount="2"/>
        <line num="303" count="0" type="stmt"/>
        <line num="304" count="0" type="stmt"/>
        <line num="305" count="0" type="stmt"/>
        <line num="306" count="0" type="stmt"/>
        <line num="312" count="0" type="cond" truecount="0" falsecount="4"/>
        <line num="316" count="0" type="cond" truecount="0" falsecount="2"/>
        <line num="317" count="0" type="stmt"/>
        <line num="318" count="0" type="stmt"/>
        <line num="319" count="0" type="cond" truecount="0" falsecount="4"/>
        <line num="321" count="0" type="stmt"/>
        <line num="322" count="0" type="stmt"/>
        <line num="323" count="0" type="stmt"/>
        <line num="324" count="0" type="stmt"/>
        <line num="328" count="1" type="stmt"/>
        <line num="331" count="1" type="stmt"/>
        <line num="332" count="1" type="stmt"/>
        <line num="333" count="1" type="stmt"/>
        <line num="335" count="1" type="stmt"/>
        <line num="350" count="1" type="stmt"/>
        <line num="356" count="1" type="stmt"/>
        <line num="374" count="1" type="stmt"/>
        <line num="375" count="1" type="stmt"/>
        <line num="379" count="2" type="stmt"/>
        <line num="383" count="2" type="stmt"/>
        <line num="384" count="7" type="stmt"/>
        <line num="387" count="2" type="stmt"/>
        <line num="388" count="2" type="stmt"/>
        <line num="392" count="8" type="stmt"/>
        <line num="393" count="22" type="cond" truecount="2" falsecount="0"/>
        <line num="394" count="8" type="stmt"/>
        <line num="395" count="8" type="cond" truecount="1" falsecount="1"/>
        <line num="396" count="18" type="stmt"/>
        <line num="397" count="22" type="stmt"/>
        <line num="398" count="8" type="cond" truecount="1" falsecount="1"/>
        <line num="402" count="0" type="stmt"/>
        <line num="406" count="2" type="stmt"/>
        <line num="407" count="5" type="cond" truecount="2" falsecount="0"/>
        <line num="408" count="2" type="stmt"/>
        <line num="411" count="0" type="stmt"/>
        <line num="415" count="2" type="stmt"/>
        <line num="421" count="3" type="stmt"/>
        <line num="424" count="3" type="stmt"/>
        <line num="427" count="3" type="stmt"/>
        <line num="428" count="3" type="stmt"/>
        <line num="431" count="3" type="stmt"/>
        <line num="434" count="3" type="stmt"/>
        <line num="437" count="3" type="cond" truecount="2" falsecount="0"/>
        <line num="438" count="3" type="cond" truecount="1" falsecount="1"/>
        <line num="439" count="3" type="stmt"/>
        <line num="451" count="0" type="stmt"/>
        <line num="454" count="3" type="stmt"/>
        <line num="455" count="3" type="stmt"/>
        <line num="458" count="2" type="stmt"/>
        <line num="460" count="6" type="stmt"/>
        <line num="461" count="6" type="cond" truecount="2" falsecount="0"/>
        <line num="464" count="6" type="cond" truecount="2" falsecount="0"/>
        <line num="465" count="3" type="stmt"/>
        <line num="466" count="3" type="stmt"/>
        <line num="467" count="3" type="cond" truecount="2" falsecount="0"/>
        <line num="468" count="1" type="stmt"/>
        <line num="469" count="1" type="stmt"/>
        <line num="471" count="2" type="cond" truecount="2" falsecount="0"/>
        <line num="472" count="2" type="stmt"/>
        <line num="475" count="3" type="cond" truecount="2" falsecount="0"/>
        <line num="476" count="3" type="stmt"/>
        <line num="477" count="3" type="cond" truecount="1" falsecount="1"/>
        <line num="478" count="3" type="cond" truecount="1" falsecount="1"/>
        <line num="479" count="3" type="cond" truecount="1" falsecount="1"/>
        <line num="480" count="0" type="cond" truecount="0" falsecount="2"/>
        <line num="481" count="0" type="stmt"/>
        <line num="482" count="0" type="stmt"/>
        <line num="484" count="3" type="cond" truecount="1" falsecount="1"/>
        <line num="485" count="3" type="stmt"/>
        <line num="486" count="3" type="stmt"/>
        <line num="490" count="6" type="stmt"/>
        <line num="491" count="6" type="stmt"/>
        <line num="493" count="6" type="stmt"/>
        <line num="514" count="2" type="stmt"/>
        <line num="518" count="2" type="cond" truecount="2" falsecount="0"/>
        <line num="519" count="2" type="stmt"/>
        <line num="520" count="2" type="cond" truecount="1" falsecount="1"/>
        <line num="521" count="0" type="stmt"/>
        <line num="522" count="0" type="stmt"/>
        <line num="525" count="2" type="stmt"/>
        <line num="526" count="2" type="stmt"/>
        <line num="528" count="2" type="stmt"/>
        <line num="529" count="3" type="stmt"/>
        <line num="530" count="3" type="stmt"/>
        <line num="531" count="3" type="cond" truecount="1" falsecount="1"/>
        <line num="532" count="3" type="stmt"/>
        <line num="533" count="3" type="cond" truecount="1" falsecount="1"/>
        <line num="534" count="3" type="stmt"/>
        <line num="536" count="3" type="stmt"/>
        <line num="537" count="3" type="stmt"/>
        <line num="539" count="3" type="stmt"/>
        <line num="540" count="2" type="stmt"/>
        <line num="541" count="2" type="cond" truecount="1" falsecount="1"/>
        <line num="542" count="2" type="cond" truecount="3" falsecount="1"/>
        <line num="543" count="2" type="stmt"/>
        <line num="547" count="3" type="cond" truecount="2" falsecount="0"/>
        <line num="548" count="2" type="stmt"/>
        <line num="551" count="3" type="stmt"/>
        <line num="555" count="0" type="stmt"/>
        <line num="560" count="2" type="stmt"/>
        <line num="561" count="1" type="stmt"/>
        <line num="562" count="1" type="stmt"/>
        <line num="564" count="0" type="stmt"/>
        <line num="568" count="2" type="stmt"/>
        <line num="569" count="2" type="stmt"/>
        <line num="570" count="2" type="cond" truecount="1" falsecount="1"/>
        <line num="571" count="2" type="cond" truecount="1" falsecount="1"/>
        <line num="574" count="2" type="cond" truecount="2" falsecount="0"/>
        <line num="575" count="1" type="stmt"/>
        <line num="576" count="1" type="stmt"/>
        <line num="580" count="1" type="stmt"/>
        <line num="581" count="1" type="cond" truecount="3" falsecount="1"/>
        <line num="582" count="0" type="stmt"/>
        <line num="585" count="1" type="cond" truecount="1" falsecount="1"/>
        <line num="587" count="0" type="stmt"/>
        <line num="588" count="0" type="stmt"/>
        <line num="589" count="0" type="stmt"/>
        <line num="591" count="1" type="cond" truecount="1" falsecount="1"/>
        <line num="592" count="0" type="stmt"/>
        <line num="594" count="0" type="cond" truecount="0" falsecount="2"/>
        <line num="595" count="0" type="cond" truecount="0" falsecount="2"/>
        <line num="596" count="0" type="stmt"/>
        <line num="600" count="1" type="stmt"/>
        <line num="601" count="1" type="cond" truecount="1" falsecount="1"/>
        <line num="602" count="1" type="cond" truecount="1" falsecount="1"/>
        <line num="603" count="1" type="cond" truecount="1" falsecount="1"/>
        <line num="604" count="1" type="cond" truecount="1" falsecount="1"/>
        <line num="605" count="1" type="stmt"/>
        <line num="610" count="1" type="cond" truecount="3" falsecount="1"/>
        <line num="611" count="0" type="stmt"/>
        <line num="612" count="0" type="cond" truecount="0" falsecount="5"/>
        <line num="613" count="0" type="stmt"/>
        <line num="617" count="1" type="stmt"/>
        <line num="619" count="0" type="stmt"/>
        <line num="620" count="0" type="stmt"/>
        <line num="621" count="0" type="stmt"/>
        <line num="626" count="0" type="cond" truecount="0" falsecount="4"/>
        <line num="627" count="0" type="stmt"/>
        <line num="638" count="0" type="stmt"/>
        <line num="639" count="0" type="stmt"/>
        <line num="641" count="0" type="cond" truecount="0" falsecount="4"/>
        <line num="646" count="0" type="cond" truecount="0" falsecount="4"/>
        <line num="648" count="0" type="stmt"/>
        <line num="651" count="0" type="cond" truecount="0" falsecount="2"/>
        <line num="652" count="0" type="stmt"/>
        <line num="653" count="0" type="stmt"/>
        <line num="657" count="0" type="stmt"/>
        <line num="660" count="0" type="stmt"/>
        <line num="662" count="0" type="stmt"/>
        <line num="663" count="0" type="stmt"/>
        <line num="668" count="0" type="cond" truecount="0" falsecount="4"/>
        <line num="669" count="0" type="stmt"/>
        <line num="670" count="0" type="stmt"/>
        <line num="671" count="0" type="stmt"/>
        <line num="672" count="0" type="stmt"/>
        <line num="673" count="0" type="stmt"/>
        <line num="675" count="0" type="stmt"/>
        <line num="680" count="0" type="cond" truecount="0" falsecount="4"/>
        <line num="683" count="0" type="stmt"/>
        <line num="690" count="0" type="stmt"/>
        <line num="695" count="0" type="cond" truecount="0" falsecount="2"/>
        <line num="697" count="0" type="stmt"/>
        <line num="698" count="0" type="cond" truecount="0" falsecount="5"/>
        <line num="699" count="0" type="stmt"/>
        <line num="700" count="0" type="stmt"/>
        <line num="702" count="0" type="stmt"/>
        <line num="706" count="0" type="stmt"/>
        <line num="707" count="0" type="stmt"/>
        <line num="708" count="0" type="stmt"/>
        <line num="709" count="0" type="stmt"/>
        <line num="711" count="0" type="stmt"/>
        <line num="712" count="0" type="stmt"/>
        <line num="713" count="0" type="stmt"/>
        <line num="716" count="0" type="cond" truecount="0" falsecount="2"/>
        <line num="717" count="0" type="stmt"/>
        <line num="719" count="0" type="stmt"/>
        <line num="725" count="1" type="stmt"/>
        <line num="726" count="1" type="stmt"/>
        <line num="727" count="1" type="stmt"/>
        <line num="730" count="1" type="cond" truecount="3" falsecount="1"/>
        <line num="732" count="0" type="stmt"/>
        <line num="735" count="1" type="stmt"/>
        <line num="736" count="1" type="cond" truecount="3" falsecount="1"/>
        <line num="739" count="1" type="stmt"/>
        <line num="742" count="0" type="stmt"/>
        <line num="744" count="0" type="stmt"/>
        <line num="745" count="0" type="stmt"/>
        <line num="753" count="0" type="stmt"/>
        <line num="754" count="0" type="stmt"/>
        <line num="755" count="0" type="stmt"/>
        <line num="756" count="0" type="cond" truecount="0" falsecount="4"/>
        <line num="757" count="0" type="stmt"/>
        <line num="760" count="0" type="stmt"/>
        <line num="764" count="0" type="stmt"/>
        <line num="769" count="0" type="cond" truecount="0" falsecount="4"/>
        <line num="770" count="0" type="cond" truecount="0" falsecount="2"/>
        <line num="771" count="0" type="stmt"/>
        <line num="773" count="0" type="stmt"/>
        <line num="774" count="0" type="stmt"/>
        <line num="778" count="0" type="stmt"/>
        <line num="779" count="0" type="cond" truecount="0" falsecount="4"/>
        <line num="781" count="0" type="stmt"/>
        <line num="784" count="0" type="stmt"/>
        <line num="786" count="0" type="stmt"/>
        <line num="787" count="0" type="stmt"/>
        <line num="795" count="0" type="stmt"/>
        <line num="796" count="0" type="stmt"/>
        <line num="797" count="0" type="stmt"/>
        <line num="798" count="0" type="stmt"/>
        <line num="799" count="0" type="stmt"/>
        <line num="801" count="0" type="stmt"/>
        <line num="802" count="0" type="cond" truecount="0" falsecount="4"/>
        <line num="803" count="0" type="cond" truecount="0" falsecount="2"/>
        <line num="804" count="0" type="stmt"/>
        <line num="805" count="0" type="stmt"/>
        <line num="807" count="0" type="cond" truecount="0" falsecount="2"/>
        <line num="808" count="0" type="stmt"/>
        <line num="809" count="0" type="stmt"/>
        <line num="810" count="0" type="stmt"/>
        <line num="811" count="0" type="stmt"/>
        <line num="812" count="0" type="stmt"/>
        <line num="815" count="0" type="cond" truecount="0" falsecount="4"/>
        <line num="816" count="0" type="stmt"/>
        <line num="817" count="0" type="stmt"/>
        <line num="818" count="0" type="cond" truecount="0" falsecount="4"/>
        <line num="819" count="0" type="stmt"/>
        <line num="820" count="0" type="stmt"/>
        <line num="822" count="0" type="cond" truecount="0" falsecount="4"/>
        <line num="823" count="0" type="stmt"/>
        <line num="824" count="0" type="stmt"/>
        <line num="825" count="0" type="stmt"/>
        <line num="826" count="0" type="stmt"/>
        <line num="827" count="0" type="stmt"/>
        <line num="834" count="0" type="cond" truecount="0" falsecount="2"/>
        <line num="840" count="0" type="stmt"/>
        <line num="841" count="0" type="cond" truecount="0" falsecount="2"/>
        <line num="844" count="0" type="cond" truecount="0" falsecount="2"/>
        <line num="846" count="0" type="stmt"/>
        <line num="847" count="0" type="cond" truecount="0" falsecount="2"/>
        <line num="848" count="0" type="cond" truecount="0" falsecount="2"/>
        <line num="850" count="0" type="cond" truecount="0" falsecount="4"/>
        <line num="851" count="0" type="cond" truecount="0" falsecount="3"/>
        <line num="852" count="0" type="cond" truecount="0" falsecount="3"/>
        <line num="853" count="0" type="cond" truecount="0" falsecount="3"/>
        <line num="854" count="0" type="cond" truecount="0" falsecount="2"/>
        <line num="855" count="0" type="cond" truecount="0" falsecount="2"/>
        <line num="856" count="0" type="cond" truecount="0" falsecount="2"/>
        <line num="857" count="0" type="cond" truecount="0" falsecount="2"/>
        <line num="859" count="0" type="stmt"/>
        <line num="912" count="0" type="cond" truecount="0" falsecount="2"/>
        <line num="913" count="0" type="stmt"/>
        <line num="916" count="0" type="stmt"/>
        <line num="1003" count="0" type="stmt"/>
        <line num="1004" count="0" type="stmt"/>
        <line num="1006" count="0" type="cond" truecount="0" falsecount="4"/>
        <line num="1008" count="0" type="stmt"/>
        <line num="1009" count="0" type="stmt"/>
        <line num="1010" count="0" type="cond" truecount="0" falsecount="2"/>
        <line num="1011" count="0" type="stmt"/>
        <line num="1012" count="0" type="stmt"/>
        <line num="1014" count="0" type="cond" truecount="0" falsecount="4"/>
        <line num="1015" count="0" type="stmt"/>
        <line num="1017" count="0" type="cond" truecount="0" falsecount="4"/>
        <line num="1019" count="0" type="stmt"/>
        <line num="1020" count="0" type="stmt"/>
        <line num="1021" count="0" type="cond" truecount="0" falsecount="2"/>
        <line num="1022" count="0" type="stmt"/>
        <line num="1024" count="0" type="cond" truecount="0" falsecount="4"/>
        <line num="1025" count="0" type="cond" truecount="0" falsecount="2"/>
        <line num="1026" count="0" type="stmt"/>
        <line num="1029" count="0" type="cond" truecount="0" falsecount="2"/>
        <line num="1030" count="0" type="stmt"/>
        <line num="1031" count="0" type="stmt"/>
        <line num="1033" count="0" type="stmt"/>
        <line num="1034" count="0" type="stmt"/>
        <line num="1035" count="0" type="stmt"/>
        <line num="1037" count="0" type="stmt"/>
        <line num="1038" count="0" type="cond" truecount="0" falsecount="2"/>
        <line num="1040" count="0" type="stmt"/>
        <line num="1041" count="0" type="stmt"/>
        <line num="1042" count="0" type="stmt"/>
        <line num="1044" count="0" type="stmt"/>
        <line num="1045" count="0" type="stmt"/>
        <line num="1051" count="0" type="cond" truecount="0" falsecount="3"/>
        <line num="1055" count="0" type="stmt"/>
        <line num="1063" count="0" type="stmt"/>
        <line num="1064" count="0" type="stmt"/>
        <line num="1066" count="0" type="stmt"/>
        <line num="1067" count="0" type="cond" truecount="0" falsecount="4"/>
        <line num="1068" count="0" type="stmt"/>
        <line num="1070" count="0" type="stmt"/>
        <line num="1071" count="0" type="stmt"/>
        <line num="1074" count="0" type="cond" truecount="0" falsecount="2"/>
        <line num="1075" count="0" type="stmt"/>
        <line num="1076" count="0" type="stmt"/>
        <line num="1079" count="0" type="cond" truecount="0" falsecount="2"/>
        <line num="1080" count="0" type="stmt"/>
        <line num="1082" count="0" type="stmt"/>
        <line num="1083" count="0" type="cond" truecount="0" falsecount="2"/>
        <line num="1084" count="0" type="stmt"/>
        <line num="1085" count="0" type="stmt"/>
        <line num="1090" count="0" type="stmt"/>
        <line num="1091" count="0" type="cond" truecount="0" falsecount="2"/>
        <line num="1092" count="0" type="cond" truecount="0" falsecount="2"/>
        <line num="1093" count="0" type="cond" truecount="0" falsecount="2"/>
        <line num="1094" count="0" type="cond" truecount="0" falsecount="2"/>
        <line num="1097" count="0" type="cond" truecount="0" falsecount="2"/>
        <line num="1099" count="0" type="cond" truecount="0" falsecount="2"/>
        <line num="1101" count="0" type="cond" truecount="0" falsecount="2"/>
        <line num="1103" count="0" type="cond" truecount="0" falsecount="2"/>
        <line num="1105" count="0" type="cond" truecount="0" falsecount="2"/>
        <line num="1109" count="0" type="stmt"/>
        <line num="1126" count="0" type="stmt"/>
        <line num="1128" count="0" type="stmt"/>
        <line num="1133" count="0" type="stmt"/>
        <line num="1134" count="0" type="stmt"/>
        <line num="1135" count="0" type="stmt"/>
        <line num="1136" count="0" type="stmt"/>
        <line num="1137" count="0" type="cond" truecount="0" falsecount="2"/>
        <line num="1138" count="0" type="stmt"/>
        <line num="1139" count="0" type="cond" truecount="0" falsecount="2"/>
        <line num="1140" count="0" type="stmt"/>
        <line num="1141" count="0" type="stmt"/>
        <line num="1142" count="0" type="stmt"/>
        <line num="1144" count="0" type="stmt"/>
        <line num="1145" count="0" type="cond" truecount="0" falsecount="2"/>
        <line num="1146" count="0" type="cond" truecount="0" falsecount="4"/>
        <line num="1147" count="0" type="stmt"/>
        <line num="1151" count="0" type="cond" truecount="0" falsecount="5"/>
        <line num="1152" count="0" type="stmt"/>
        <line num="1157" count="0" type="stmt"/>
        <line num="1165" count="0" type="stmt"/>
        <line num="1166" count="0" type="stmt"/>
        <line num="1167" count="0" type="stmt"/>
        <line num="1184" count="1" type="stmt"/>
        <line num="1185" count="1" type="cond" truecount="1" falsecount="1"/>
        <line num="1187" count="1" type="stmt"/>
        <line num="1188" count="1" type="stmt"/>
        <line num="1190" count="1" type="stmt"/>
        <line num="1192" count="1" type="cond" truecount="2" falsecount="1"/>
        <line num="1195" count="1" type="cond" truecount="1" falsecount="1"/>
        <line num="1196" count="0" type="stmt"/>
        <line num="1197" count="0" type="stmt"/>
        <line num="1200" count="1" type="stmt"/>
        <line num="1212" count="1" type="stmt"/>
        <line num="1215" count="1" type="cond" truecount="1" falsecount="1"/>
        <line num="1216" count="0" type="stmt"/>
        <line num="1217" count="0" type="cond" truecount="0" falsecount="2"/>
        <line num="1218" count="0" type="stmt"/>
        <line num="1220" count="0" type="stmt"/>
        <line num="1222" count="0" type="stmt"/>
        <line num="1225" count="1" type="stmt"/>
        <line num="1226" count="1" type="stmt"/>
        <line num="1227" count="4" type="cond" truecount="2" falsecount="0"/>
        <line num="1228" count="3" type="stmt"/>
        <line num="1229" count="3" type="cond" truecount="1" falsecount="1"/>
        <line num="1230" count="3" type="stmt"/>
        <line num="1231" count="3" type="stmt"/>
        <line num="1232" count="3" type="cond" truecount="3" falsecount="1"/>
        <line num="1234" count="3" type="stmt"/>
        <line num="1235" count="3" type="stmt"/>
        <line num="1237" count="3" type="cond" truecount="4" falsecount="0"/>
        <line num="1238" count="1" type="stmt"/>
        <line num="1239" count="1" type="stmt"/>
        <line num="1240" count="2" type="cond" truecount="2" falsecount="0"/>
        <line num="1242" count="1" type="cond" truecount="1" falsecount="1"/>
        <line num="1243" count="1" type="stmt"/>
        <line num="1246" count="1" type="stmt"/>
        <line num="1247" count="1" type="stmt"/>
        <line num="1248" count="1" type="stmt"/>
        <line num="1253" count="1" type="cond" truecount="1" falsecount="1"/>
        <line num="1254" count="0" type="stmt"/>
        <line num="1255" count="0" type="stmt"/>
        <line num="1257" count="1" type="stmt"/>
        <line num="1261" count="1" type="stmt"/>
        <line num="1262" count="1" type="stmt"/>
      </file>
    </package>
    <package name="Amplenote-Spaced-Repetition.tests">
      <metrics statements="1" coveredstatements="1" conditionals="0" coveredconditionals="0" methods="7" coveredmethods="2"/>
      <file name="mock-app.js" path="/Users/thewytchhaus/Documents/GitHub/Amplenote-Spaced-Repetition/tests/mock-app.js">
        <metrics statements="1" coveredstatements="1" conditionals="0" coveredconditionals="0" methods="7" coveredmethods="2"/>
        <line num="1" count="3" type="stmt"/>
      </file>
    </package>
  </project>
</coverage>
