{"/Users/thewytchhaus/Documents/GitHub/Amplenote-Spaced-Repetition/plugin.js": {"path":"/Users/thewytchhaus/Documents/GitHub/Amplenote-Spaced-Repetition/plugin.js","statementMap":{"0":{"start":{"line":1,"column":0},"end":{"line":1264,"column":2}},"1":{"start":{"line":5,"column":18},"end":{"line":5,"column":20}},"2":{"start":{"line":6,"column":18},"end":{"line":6,"column":20}},"3":{"start":{"line":7,"column":17},"end":{"line":7,"column":22}},"4":{"start":{"line":8,"column":4},"end":{"line":23,"column":5}},"5":{"start":{"line":8,"column":17},"end":{"line":8,"column":18}},"6":{"start":{"line":9,"column":6},"end":{"line":16,"column":7}},"7":{"start":{"line":10,"column":8},"end":{"line":15,"column":9}},"8":{"start":{"line":11,"column":10},"end":{"line":11,"column":27}},"9":{"start":{"line":12,"column":10},"end":{"line":12,"column":17}},"10":{"start":{"line":14,"column":10},"end":{"line":14,"column":27}},"11":{"start":{"line":17,"column":6},"end":{"line":22,"column":7}},"12":{"start":{"line":18,"column":8},"end":{"line":18,"column":28}},"13":{"start":{"line":19,"column":8},"end":{"line":19,"column":21}},"14":{"start":{"line":21,"column":8},"end":{"line":21,"column":27}},"15":{"start":{"line":24,"column":4},"end":{"line":24,"column":24}},"16":{"start":{"line":26,"column":4},"end":{"line":28,"column":5}},"17":{"start":{"line":27,"column":6},"end":{"line":27,"column":53}},"18":{"start":{"line":27,"column":43},"end":{"line":27,"column":51}},"19":{"start":{"line":29,"column":4},"end":{"line":29,"column":38}},"20":{"start":{"line":29,"column":28},"end":{"line":29,"column":36}},"21":{"start":{"line":33,"column":23},"end":{"line":33,"column":25}},"22":{"start":{"line":34,"column":4},"end":{"line":34,"column":82}},"23":{"start":{"line":34,"column":49},"end":{"line":34,"column":82}},"24":{"start":{"line":35,"column":18},"end":{"line":35,"column":37}},"25":{"start":{"line":38,"column":4},"end":{"line":90,"column":5}},"26":{"start":{"line":38,"column":17},"end":{"line":38,"column":18}},"27":{"start":{"line":40,"column":6},"end":{"line":89,"column":7}},"28":{"start":{"line":41,"column":23},"end":{"line":41,"column":62}},"29":{"start":{"line":42,"column":21},"end":{"line":42,"column":23}},"30":{"start":{"line":43,"column":16},"end":{"line":43,"column":21}},"31":{"start":{"line":45,"column":8},"end":{"line":54,"column":9}},"32":{"start":{"line":46,"column":10},"end":{"line":52,"column":11}},"33":{"start":{"line":47,"column":13},"end":{"line":47,"column":62}},"34":{"start":{"line":48,"column":17},"end":{"line":52,"column":11}},"35":{"start":{"line":49,"column":13},"end":{"line":49,"column":63}},"36":{"start":{"line":51,"column":13},"end":{"line":51,"column":65}},"37":{"start":{"line":53,"column":10},"end":{"line":53,"column":14}},"38":{"start":{"line":56,"column":8},"end":{"line":88,"column":9}},"39":{"start":{"line":58,"column":27},"end":{"line":58,"column":31}},"40":{"start":{"line":59,"column":27},"end":{"line":59,"column":29}},"41":{"start":{"line":61,"column":10},"end":{"line":67,"column":11}},"42":{"start":{"line":62,"column":23},"end":{"line":62,"column":67}},"43":{"start":{"line":63,"column":13},"end":{"line":66,"column":14}},"44":{"start":{"line":64,"column":15},"end":{"line":64,"column":33}},"45":{"start":{"line":65,"column":15},"end":{"line":65,"column":30}},"46":{"start":{"line":69,"column":26},"end":{"line":69,"column":30}},"47":{"start":{"line":70,"column":10},"end":{"line":77,"column":11}},"48":{"start":{"line":71,"column":12},"end":{"line":76,"column":13}},"49":{"start":{"line":72,"column":31},"end":{"line":72,"column":47}},"50":{"start":{"line":73,"column":15},"end":{"line":73,"column":47}},"51":{"start":{"line":75,"column":15},"end":{"line":75,"column":72}},"52":{"start":{"line":79,"column":10},"end":{"line":87,"column":13}},"53":{"start":{"line":93,"column":4},"end":{"line":244,"column":5}},"54":{"start":{"line":93,"column":17},"end":{"line":93,"column":18}},"55":{"start":{"line":94,"column":19},"end":{"line":94,"column":27}},"56":{"start":{"line":95,"column":6},"end":{"line":95,"column":49}},"57":{"start":{"line":95,"column":40},"end":{"line":95,"column":49}},"58":{"start":{"line":97,"column":22},"end":{"line":103,"column":7}},"59":{"start":{"line":98,"column":8},"end":{"line":102,"column":17}},"60":{"start":{"line":104,"column":19},"end":{"line":104,"column":46}},"61":{"start":{"line":105,"column":19},"end":{"line":105,"column":44}},"62":{"start":{"line":108,"column":35},"end":{"line":108,"column":92}},"63":{"start":{"line":108,"column":69},"end":{"line":108,"column":91}},"64":{"start":{"line":109,"column":19},"end":{"line":109,"column":59}},"65":{"start":{"line":110,"column":6},"end":{"line":114,"column":7}},"66":{"start":{"line":111,"column":8},"end":{"line":113,"column":10}},"67":{"start":{"line":112,"column":17},"end":{"line":112,"column":72}},"68":{"start":{"line":115,"column":6},"end":{"line":115,"column":47}},"69":{"start":{"line":115,"column":38},"end":{"line":115,"column":47}},"70":{"start":{"line":117,"column":6},"end":{"line":117,"column":10}},"71":{"start":{"line":119,"column":6},"end":{"line":124,"column":7}},"72":{"start":{"line":123,"column":8},"end":{"line":123,"column":12}},"73":{"start":{"line":126,"column":6},"end":{"line":242,"column":7}},"74":{"start":{"line":127,"column":22},"end":{"line":127,"column":48}},"75":{"start":{"line":130,"column":25},"end":{"line":130,"column":65}},"76":{"start":{"line":130,"column":42},"end":{"line":130,"column":64}},"77":{"start":{"line":131,"column":8},"end":{"line":136,"column":9}},"78":{"start":{"line":132,"column":31},"end":{"line":132,"column":77}},"79":{"start":{"line":133,"column":31},"end":{"line":133,"column":73}},"80":{"start":{"line":135,"column":10},"end":{"line":135,"column":16}},"81":{"start":{"line":139,"column":8},"end":{"line":142,"column":9}},"82":{"start":{"line":139,"column":34},"end":{"line":139,"column":42}},"83":{"start":{"line":140,"column":10},"end":{"line":140,"column":14}},"84":{"start":{"line":141,"column":10},"end":{"line":141,"column":19}},"85":{"start":{"line":144,"column":8},"end":{"line":240,"column":9}},"86":{"start":{"line":144,"column":69},"end":{"line":144,"column":93}},"87":{"start":{"line":146,"column":24},"end":{"line":146,"column":28}},"88":{"start":{"line":147,"column":24},"end":{"line":147,"column":28}},"89":{"start":{"line":148,"column":26},"end":{"line":148,"column":32}},"90":{"start":{"line":150,"column":10},"end":{"line":163,"column":11}},"91":{"start":{"line":151,"column":42},"end":{"line":151,"column":87}},"92":{"start":{"line":151,"column":67},"end":{"line":151,"column":86}},"93":{"start":{"line":152,"column":39},"end":{"line":152,"column":87}},"94":{"start":{"line":152,"column":62},"end":{"line":152,"column":86}},"95":{"start":{"line":153,"column":12},"end":{"line":162,"column":13}},"96":{"start":{"line":158,"column":28},"end":{"line":158,"column":70}},"97":{"start":{"line":159,"column":14},"end":{"line":159,"column":85}},"98":{"start":{"line":159,"column":62},"end":{"line":159,"column":85}},"99":{"start":{"line":160,"column":14},"end":{"line":160,"column":85}},"100":{"start":{"line":160,"column":62},"end":{"line":160,"column":85}},"101":{"start":{"line":161,"column":14},"end":{"line":161,"column":93}},"102":{"start":{"line":161,"column":66},"end":{"line":161,"column":93}},"103":{"start":{"line":166,"column":12},"end":{"line":168,"column":18}},"104":{"start":{"line":170,"column":12},"end":{"line":172,"column":18}},"105":{"start":{"line":175,"column":10},"end":{"line":185,"column":11}},"106":{"start":{"line":176,"column":12},"end":{"line":179,"column":21}},"107":{"start":{"line":180,"column":12},"end":{"line":183,"column":21}},"108":{"start":{"line":184,"column":12},"end":{"line":184,"column":31}},"109":{"start":{"line":188,"column":27},"end":{"line":190,"column":42}},"110":{"start":{"line":189,"column":30},"end":{"line":189,"column":50}},"111":{"start":{"line":190,"column":27},"end":{"line":190,"column":41}},"112":{"start":{"line":191,"column":10},"end":{"line":193,"column":11}},"113":{"start":{"line":192,"column":12},"end":{"line":192,"column":55}},"114":{"start":{"line":192,"column":37},"end":{"line":192,"column":55}},"115":{"start":{"line":194,"column":10},"end":{"line":208,"column":11}},"116":{"start":{"line":195,"column":12},"end":{"line":207,"column":13}},"117":{"start":{"line":197,"column":14},"end":{"line":206,"column":15}},"118":{"start":{"line":198,"column":16},"end":{"line":198,"column":34}},"119":{"start":{"line":200,"column":39},"end":{"line":200,"column":75}},"120":{"start":{"line":200,"column":65},"end":{"line":200,"column":74}},"121":{"start":{"line":201,"column":16},"end":{"line":205,"column":17}},"122":{"start":{"line":202,"column":18},"end":{"line":202,"column":53}},"123":{"start":{"line":204,"column":18},"end":{"line":204,"column":36}},"124":{"start":{"line":211,"column":10},"end":{"line":211,"column":57}},"125":{"start":{"line":211,"column":17},"end":{"line":211,"column":57}},"126":{"start":{"line":213,"column":10},"end":{"line":239,"column":11}},"127":{"start":{"line":214,"column":26},"end":{"line":214,"column":28}},"128":{"start":{"line":215,"column":29},"end":{"line":215,"column":96}},"129":{"start":{"line":216,"column":12},"end":{"line":232,"column":13}},"130":{"start":{"line":217,"column":14},"end":{"line":231,"column":15}},"131":{"start":{"line":219,"column":33},"end":{"line":219,"column":89}},"132":{"start":{"line":220,"column":16},"end":{"line":220,"column":73}},"133":{"start":{"line":222,"column":16},"end":{"line":230,"column":17}},"134":{"start":{"line":223,"column":18},"end":{"line":225,"column":20}},"135":{"start":{"line":227,"column":18},"end":{"line":229,"column":33}},"136":{"start":{"line":228,"column":20},"end":{"line":228,"column":99}},"137":{"start":{"line":233,"column":12},"end":{"line":238,"column":15}},"138":{"start":{"line":241,"column":8},"end":{"line":241,"column":12}},"139":{"start":{"line":243,"column":6},"end":{"line":243,"column":10}},"140":{"start":{"line":246,"column":4},"end":{"line":246,"column":33}},"141":{"start":{"line":250,"column":23},"end":{"line":250,"column":44}},"142":{"start":{"line":251,"column":4},"end":{"line":251,"column":34}},"143":{"start":{"line":251,"column":21},"end":{"line":251,"column":34}},"144":{"start":{"line":253,"column":24},"end":{"line":253,"column":26}},"145":{"start":{"line":254,"column":4},"end":{"line":268,"column":5}},"146":{"start":{"line":254,"column":17},"end":{"line":254,"column":35}},"147":{"start":{"line":255,"column":6},"end":{"line":267,"column":7}},"148":{"start":{"line":256,"column":18},"end":{"line":262,"column":9}},"149":{"start":{"line":257,"column":10},"end":{"line":261,"column":19}},"150":{"start":{"line":263,"column":8},"end":{"line":266,"column":9}},"151":{"start":{"line":264,"column":10},"end":{"line":264,"column":28}},"152":{"start":{"line":265,"column":10},"end":{"line":265,"column":16}},"153":{"start":{"line":269,"column":4},"end":{"line":269,"column":43}},"154":{"start":{"line":269,"column":30},"end":{"line":269,"column":43}},"155":{"start":{"line":271,"column":33},"end":{"line":273,"column":5}},"156":{"start":{"line":272,"column":6},"end":{"line":272,"column":28}},"157":{"start":{"line":274,"column":20},"end":{"line":274,"column":88}},"158":{"start":{"line":274,"column":52},"end":{"line":274,"column":87}},"159":{"start":{"line":275,"column":17},"end":{"line":275,"column":44}},"160":{"start":{"line":276,"column":17},"end":{"line":276,"column":57}},"161":{"start":{"line":277,"column":4},"end":{"line":281,"column":5}},"162":{"start":{"line":278,"column":6},"end":{"line":280,"column":8}},"163":{"start":{"line":279,"column":15},"end":{"line":279,"column":70}},"164":{"start":{"line":282,"column":4},"end":{"line":282,"column":34}},"165":{"start":{"line":282,"column":21},"end":{"line":282,"column":34}},"166":{"start":{"line":285,"column":4},"end":{"line":326,"column":5}},"167":{"start":{"line":286,"column":6},"end":{"line":286,"column":30}},"168":{"start":{"line":288,"column":26},"end":{"line":288,"column":64}},"169":{"start":{"line":289,"column":6},"end":{"line":289,"column":42}},"170":{"start":{"line":291,"column":6},"end":{"line":294,"column":7}},"171":{"start":{"line":292,"column":8},"end":{"line":292,"column":54}},"172":{"start":{"line":293,"column":8},"end":{"line":293,"column":17}},"173":{"start":{"line":295,"column":6},"end":{"line":295,"column":67}},"174":{"start":{"line":298,"column":21},"end":{"line":298,"column":38}},"175":{"start":{"line":299,"column":6},"end":{"line":307,"column":7}},"176":{"start":{"line":303,"column":25},"end":{"line":303,"column":56}},"177":{"start":{"line":304,"column":8},"end":{"line":304,"column":74}},"178":{"start":{"line":304,"column":53},"end":{"line":304,"column":74}},"179":{"start":{"line":305,"column":8},"end":{"line":305,"column":68}},"180":{"start":{"line":305,"column":53},"end":{"line":305,"column":68}},"181":{"start":{"line":306,"column":8},"end":{"line":306,"column":59}},"182":{"start":{"line":312,"column":8},"end":{"line":315,"column":29}},"183":{"start":{"line":316,"column":6},"end":{"line":325,"column":7}},"184":{"start":{"line":317,"column":25},"end":{"line":317,"column":51}},"185":{"start":{"line":318,"column":25},"end":{"line":318,"column":68}},"186":{"start":{"line":318,"column":45},"end":{"line":318,"column":67}},"187":{"start":{"line":319,"column":8},"end":{"line":319,"column":98}},"188":{"start":{"line":319,"column":33},"end":{"line":319,"column":49}},"189":{"start":{"line":319,"column":75},"end":{"line":319,"column":89}},"190":{"start":{"line":319,"column":92},"end":{"line":319,"column":98}},"191":{"start":{"line":321,"column":8},"end":{"line":321,"column":68}},"192":{"start":{"line":321,"column":53},"end":{"line":321,"column":68}},"193":{"start":{"line":322,"column":8},"end":{"line":322,"column":71}},"194":{"start":{"line":322,"column":53},"end":{"line":322,"column":71}},"195":{"start":{"line":323,"column":8},"end":{"line":323,"column":54}},"196":{"start":{"line":324,"column":8},"end":{"line":324,"column":12}},"197":{"start":{"line":328,"column":18},"end":{"line":328,"column":57}},"198":{"start":{"line":331,"column":24},"end":{"line":331,"column":62}},"199":{"start":{"line":332,"column":4},"end":{"line":332,"column":61}},"200":{"start":{"line":332,"column":46},"end":{"line":332,"column":61}},"201":{"start":{"line":333,"column":4},"end":{"line":333,"column":58}},"202":{"start":{"line":333,"column":46},"end":{"line":333,"column":58}},"203":{"start":{"line":335,"column":20},"end":{"line":347,"column":5}},"204":{"start":{"line":350,"column":23},"end":{"line":350,"column":52}},"205":{"start":{"line":356,"column":4},"end":{"line":356,"column":43}},"206":{"start":{"line":374,"column":4},"end":{"line":374,"column":60}},"207":{"start":{"line":375,"column":4},"end":{"line":375,"column":16}},"208":{"start":{"line":379,"column":4},"end":{"line":379,"column":28}},"209":{"start":{"line":383,"column":16},"end":{"line":383,"column":88}},"210":{"start":{"line":384,"column":18},"end":{"line":384,"column":57}},"211":{"start":{"line":384,"column":50},"end":{"line":384,"column":56}},"212":{"start":{"line":387,"column":4},"end":{"line":387,"column":66}},"213":{"start":{"line":388,"column":4},"end":{"line":388,"column":19}},"214":{"start":{"line":392,"column":4},"end":{"line":401,"column":5}},"215":{"start":{"line":392,"column":17},"end":{"line":392,"column":18}},"216":{"start":{"line":393,"column":6},"end":{"line":400,"column":7}},"217":{"start":{"line":394,"column":28},"end":{"line":394,"column":33}},"218":{"start":{"line":395,"column":8},"end":{"line":399,"column":9}},"219":{"start":{"line":396,"column":26},"end":{"line":396,"column":92}},"220":{"start":{"line":396,"column":76},"end":{"line":396,"column":91}},"221":{"start":{"line":397,"column":22},"end":{"line":397,"column":84}},"222":{"start":{"line":397,"column":47},"end":{"line":397,"column":83}},"223":{"start":{"line":397,"column":67},"end":{"line":397,"column":82}},"224":{"start":{"line":398,"column":10},"end":{"line":398,"column":37}},"225":{"start":{"line":398,"column":26},"end":{"line":398,"column":37}},"226":{"start":{"line":402,"column":4},"end":{"line":402,"column":14}},"227":{"start":{"line":406,"column":4},"end":{"line":410,"column":5}},"228":{"start":{"line":406,"column":17},"end":{"line":406,"column":18}},"229":{"start":{"line":407,"column":6},"end":{"line":409,"column":7}},"230":{"start":{"line":408,"column":8},"end":{"line":408,"column":21}},"231":{"start":{"line":411,"column":4},"end":{"line":411,"column":13}},"232":{"start":{"line":415,"column":14},"end":{"line":418,"column":5}},"233":{"start":{"line":421,"column":6},"end":{"line":421,"column":42}},"234":{"start":{"line":424,"column":6},"end":{"line":424,"column":81}},"235":{"start":{"line":427,"column":19},"end":{"line":427,"column":42}},"236":{"start":{"line":428,"column":6},"end":{"line":428,"column":66}},"237":{"start":{"line":431,"column":6},"end":{"line":431,"column":48}},"238":{"start":{"line":434,"column":6},"end":{"line":434,"column":65}},"239":{"start":{"line":437,"column":26},"end":{"line":437,"column":50}},"240":{"start":{"line":438,"column":24},"end":{"line":438,"column":48}},"241":{"start":{"line":439,"column":6},"end":{"line":448,"column":8}},"242":{"start":{"line":451,"column":6},"end":{"line":451,"column":100}},"243":{"start":{"line":454,"column":26},"end":{"line":454,"column":75}},"244":{"start":{"line":455,"column":6},"end":{"line":455,"column":50}},"245":{"start":{"line":458,"column":4},"end":{"line":506,"column":6}},"246":{"start":{"line":460,"column":20},"end":{"line":460,"column":30}},"247":{"start":{"line":461,"column":22},"end":{"line":461,"column":51}},"248":{"start":{"line":464,"column":8},"end":{"line":488,"column":9}},"249":{"start":{"line":465,"column":10},"end":{"line":465,"column":44}},"250":{"start":{"line":466,"column":10},"end":{"line":466,"column":46}},"251":{"start":{"line":467,"column":10},"end":{"line":473,"column":11}},"252":{"start":{"line":468,"column":12},"end":{"line":468,"column":25}},"253":{"start":{"line":469,"column":12},"end":{"line":469,"column":22}},"254":{"start":{"line":471,"column":12},"end":{"line":471,"column":44}},"255":{"start":{"line":472,"column":12},"end":{"line":472,"column":22}},"256":{"start":{"line":475,"column":29},"end":{"line":475,"column":80}},"257":{"start":{"line":476,"column":26},"end":{"line":476,"column":80}},"258":{"start":{"line":477,"column":20},"end":{"line":477,"column":64}},"259":{"start":{"line":478,"column":10},"end":{"line":478,"column":68}},"260":{"start":{"line":479,"column":10},"end":{"line":487,"column":11}},"261":{"start":{"line":480,"column":12},"end":{"line":480,"column":80}},"262":{"start":{"line":481,"column":12},"end":{"line":481,"column":25}},"263":{"start":{"line":482,"column":12},"end":{"line":482,"column":22}},"264":{"start":{"line":484,"column":12},"end":{"line":484,"column":88}},"265":{"start":{"line":485,"column":12},"end":{"line":485,"column":47}},"266":{"start":{"line":486,"column":12},"end":{"line":486,"column":22}},"267":{"start":{"line":490,"column":20},"end":{"line":490,"column":33}},"268":{"start":{"line":491,"column":8},"end":{"line":491,"column":46}},"269":{"start":{"line":493,"column":8},"end":{"line":504,"column":10}},"270":{"start":{"line":514,"column":4},"end":{"line":622,"column":5}},"271":{"start":{"line":518,"column":23},"end":{"line":518,"column":59}},"272":{"start":{"line":519,"column":26},"end":{"line":519,"column":66}},"273":{"start":{"line":520,"column":6},"end":{"line":523,"column":7}},"274":{"start":{"line":521,"column":8},"end":{"line":521,"column":66}},"275":{"start":{"line":522,"column":8},"end":{"line":522,"column":18}},"276":{"start":{"line":525,"column":26},"end":{"line":525,"column":28}},"277":{"start":{"line":526,"column":32},"end":{"line":526,"column":41}},"278":{"start":{"line":528,"column":6},"end":{"line":557,"column":7}},"279":{"start":{"line":529,"column":8},"end":{"line":556,"column":9}},"280":{"start":{"line":530,"column":23},"end":{"line":530,"column":60}},"281":{"start":{"line":531,"column":10},"end":{"line":553,"column":11}},"282":{"start":{"line":532,"column":28},"end":{"line":532,"column":48}},"283":{"start":{"line":533,"column":12},"end":{"line":552,"column":13}},"284":{"start":{"line":534,"column":37},"end":{"line":534,"column":81}},"285":{"start":{"line":536,"column":26},"end":{"line":536,"column":36}},"286":{"start":{"line":537,"column":32},"end":{"line":537,"column":37}},"287":{"start":{"line":539,"column":14},"end":{"line":545,"column":17}},"288":{"start":{"line":540,"column":16},"end":{"line":540,"column":42}},"289":{"start":{"line":541,"column":35},"end":{"line":541,"column":92}},"290":{"start":{"line":542,"column":16},"end":{"line":544,"column":17}},"291":{"start":{"line":543,"column":19},"end":{"line":543,"column":38}},"292":{"start":{"line":547,"column":14},"end":{"line":549,"column":15}},"293":{"start":{"line":548,"column":17},"end":{"line":548,"column":50}},"294":{"start":{"line":551,"column":14},"end":{"line":551,"column":63}},"295":{"start":{"line":555,"column":10},"end":{"line":555,"column":35}},"296":{"start":{"line":560,"column":6},"end":{"line":566,"column":7}},"297":{"start":{"line":561,"column":9},"end":{"line":565,"column":10}},"298":{"start":{"line":562,"column":13},"end":{"line":562,"column":55}},"299":{"start":{"line":564,"column":13},"end":{"line":564,"column":60}},"300":{"start":{"line":568,"column":18},"end":{"line":568,"column":28}},"301":{"start":{"line":569,"column":21},"end":{"line":572,"column":8}},"302":{"start":{"line":570,"column":27},"end":{"line":570,"column":84}},"303":{"start":{"line":571,"column":8},"end":{"line":571,"column":70}},"304":{"start":{"line":574,"column":6},"end":{"line":577,"column":7}},"305":{"start":{"line":575,"column":8},"end":{"line":575,"column":61}},"306":{"start":{"line":576,"column":8},"end":{"line":576,"column":18}},"307":{"start":{"line":580,"column":24},"end":{"line":580,"column":49}},"308":{"start":{"line":581,"column":6},"end":{"line":583,"column":7}},"309":{"start":{"line":582,"column":8},"end":{"line":582,"column":51}},"310":{"start":{"line":585,"column":6},"end":{"line":607,"column":7}},"311":{"start":{"line":587,"column":8},"end":{"line":590,"column":9}},"312":{"start":{"line":587,"column":21},"end":{"line":587,"column":40}},"313":{"start":{"line":588,"column":20},"end":{"line":588,"column":55}},"314":{"start":{"line":589,"column":10},"end":{"line":589,"column":66}},"315":{"start":{"line":591,"column":13},"end":{"line":607,"column":7}},"316":{"start":{"line":592,"column":8},"end":{"line":597,"column":11}},"317":{"start":{"line":594,"column":24},"end":{"line":594,"column":45}},"318":{"start":{"line":595,"column":24},"end":{"line":595,"column":45}},"319":{"start":{"line":596,"column":10},"end":{"line":596,"column":31}},"320":{"start":{"line":600,"column":8},"end":{"line":606,"column":11}},"321":{"start":{"line":601,"column":24},"end":{"line":601,"column":75}},"322":{"start":{"line":602,"column":24},"end":{"line":602,"column":75}},"323":{"start":{"line":603,"column":24},"end":{"line":603,"column":48}},"324":{"start":{"line":604,"column":24},"end":{"line":604,"column":48}},"325":{"start":{"line":605,"column":10},"end":{"line":605,"column":31}},"326":{"start":{"line":610,"column":6},"end":{"line":615,"column":7}},"327":{"start":{"line":611,"column":22},"end":{"line":611,"column":70}},"328":{"start":{"line":612,"column":8},"end":{"line":614,"column":9}},"329":{"start":{"line":613,"column":10},"end":{"line":613,"column":46}},"330":{"start":{"line":617,"column":6},"end":{"line":617,"column":22}},"331":{"start":{"line":619,"column":6},"end":{"line":619,"column":53}},"332":{"start":{"line":620,"column":6},"end":{"line":620,"column":92}},"333":{"start":{"line":621,"column":6},"end":{"line":621,"column":16}},"334":{"start":{"line":626,"column":4},"end":{"line":626,"column":51}},"335":{"start":{"line":626,"column":44},"end":{"line":626,"column":51}},"336":{"start":{"line":627,"column":4},"end":{"line":631,"column":6}},"337":{"start":{"line":638,"column":19},"end":{"line":638,"column":24}},"338":{"start":{"line":639,"column":4},"end":{"line":649,"column":5}},"339":{"start":{"line":641,"column":8},"end":{"line":645,"column":18}},"340":{"start":{"line":646,"column":6},"end":{"line":646,"column":88}},"341":{"start":{"line":648,"column":6},"end":{"line":648,"column":57}},"342":{"start":{"line":651,"column":4},"end":{"line":654,"column":5}},"343":{"start":{"line":652,"column":6},"end":{"line":652,"column":58}},"344":{"start":{"line":653,"column":6},"end":{"line":653,"column":13}},"345":{"start":{"line":657,"column":4},"end":{"line":664,"column":5}},"346":{"start":{"line":660,"column":6},"end":{"line":660,"column":77}},"347":{"start":{"line":662,"column":6},"end":{"line":662,"column":89}},"348":{"start":{"line":663,"column":6},"end":{"line":663,"column":58}},"349":{"start":{"line":668,"column":4},"end":{"line":668,"column":51}},"350":{"start":{"line":668,"column":44},"end":{"line":668,"column":51}},"351":{"start":{"line":669,"column":12},"end":{"line":669,"column":13}},"352":{"start":{"line":670,"column":20},"end":{"line":670,"column":21}},"353":{"start":{"line":671,"column":4},"end":{"line":715,"column":5}},"354":{"start":{"line":672,"column":19},"end":{"line":672,"column":30}},"355":{"start":{"line":673,"column":6},"end":{"line":714,"column":7}},"356":{"start":{"line":675,"column":27},"end":{"line":678,"column":10}},"357":{"start":{"line":680,"column":8},"end":{"line":680,"column":63}},"358":{"start":{"line":680,"column":57},"end":{"line":680,"column":63}},"359":{"start":{"line":683,"column":30},"end":{"line":688,"column":9}},"360":{"start":{"line":690,"column":29},"end":{"line":693,"column":10}},"361":{"start":{"line":695,"column":8},"end":{"line":695,"column":33}},"362":{"start":{"line":695,"column":27},"end":{"line":695,"column":33}},"363":{"start":{"line":697,"column":23},"end":{"line":697,"column":49}},"364":{"start":{"line":698,"column":8},"end":{"line":701,"column":9}},"365":{"start":{"line":699,"column":10},"end":{"line":699,"column":65}},"366":{"start":{"line":700,"column":10},"end":{"line":700,"column":19}},"367":{"start":{"line":702,"column":8},"end":{"line":703,"column":69}},"368":{"start":{"line":706,"column":28},"end":{"line":706,"column":61}},"369":{"start":{"line":707,"column":8},"end":{"line":707,"column":53}},"370":{"start":{"line":708,"column":8},"end":{"line":708,"column":20}},"371":{"start":{"line":709,"column":8},"end":{"line":709,"column":12}},"372":{"start":{"line":711,"column":8},"end":{"line":711,"column":64}},"373":{"start":{"line":712,"column":8},"end":{"line":712,"column":93}},"374":{"start":{"line":713,"column":8},"end":{"line":713,"column":14}},"375":{"start":{"line":716,"column":4},"end":{"line":718,"column":5}},"376":{"start":{"line":717,"column":6},"end":{"line":717,"column":67}},"377":{"start":{"line":719,"column":4},"end":{"line":719,"column":86}},"378":{"start":{"line":725,"column":19},"end":{"line":725,"column":23}},"379":{"start":{"line":726,"column":6},"end":{"line":746,"column":7}},"380":{"start":{"line":727,"column":21},"end":{"line":729,"column":10}},"381":{"start":{"line":730,"column":8},"end":{"line":733,"column":9}},"382":{"start":{"line":732,"column":10},"end":{"line":732,"column":17}},"383":{"start":{"line":735,"column":25},"end":{"line":735,"column":63}},"384":{"start":{"line":736,"column":8},"end":{"line":740,"column":9}},"385":{"start":{"line":739,"column":10},"end":{"line":739,"column":17}},"386":{"start":{"line":742,"column":8},"end":{"line":742,"column":52}},"387":{"start":{"line":744,"column":8},"end":{"line":744,"column":75}},"388":{"start":{"line":745,"column":8},"end":{"line":745,"column":82}},"389":{"start":{"line":753,"column":19},"end":{"line":753,"column":23}},"390":{"start":{"line":754,"column":6},"end":{"line":788,"column":7}},"391":{"start":{"line":755,"column":26},"end":{"line":755,"column":28}},"392":{"start":{"line":756,"column":8},"end":{"line":758,"column":9}},"393":{"start":{"line":757,"column":10},"end":{"line":757,"column":85}},"394":{"start":{"line":757,"column":75},"end":{"line":757,"column":83}},"395":{"start":{"line":760,"column":29},"end":{"line":760,"column":72}},"396":{"start":{"line":764,"column":19},"end":{"line":766,"column":10}},"397":{"start":{"line":769,"column":8},"end":{"line":776,"column":9}},"398":{"start":{"line":770,"column":10},"end":{"line":775,"column":11}},"399":{"start":{"line":771,"column":12},"end":{"line":771,"column":31}},"400":{"start":{"line":773,"column":12},"end":{"line":773,"column":89}},"401":{"start":{"line":774,"column":12},"end":{"line":774,"column":19}},"402":{"start":{"line":778,"column":25},"end":{"line":778,"column":63}},"403":{"start":{"line":779,"column":8},"end":{"line":782,"column":9}},"404":{"start":{"line":781,"column":10},"end":{"line":781,"column":17}},"405":{"start":{"line":784,"column":8},"end":{"line":784,"column":52}},"406":{"start":{"line":786,"column":8},"end":{"line":786,"column":75}},"407":{"start":{"line":787,"column":8},"end":{"line":787,"column":82}},"408":{"start":{"line":795,"column":15},"end":{"line":795,"column":19}},"409":{"start":{"line":796,"column":21},"end":{"line":796,"column":26}},"410":{"start":{"line":797,"column":24},"end":{"line":797,"column":28}},"411":{"start":{"line":798,"column":24},"end":{"line":798,"column":28}},"412":{"start":{"line":799,"column":24},"end":{"line":799,"column":28}},"413":{"start":{"line":801,"column":4},"end":{"line":831,"column":5}},"414":{"start":{"line":802,"column":6},"end":{"line":814,"column":7}},"415":{"start":{"line":803,"column":8},"end":{"line":806,"column":9}},"416":{"start":{"line":804,"column":10},"end":{"line":804,"column":21}},"417":{"start":{"line":805,"column":10},"end":{"line":805,"column":16}},"418":{"start":{"line":807,"column":8},"end":{"line":813,"column":9}},"419":{"start":{"line":808,"column":10},"end":{"line":808,"column":28}},"420":{"start":{"line":809,"column":10},"end":{"line":809,"column":36}},"421":{"start":{"line":810,"column":10},"end":{"line":810,"column":36}},"422":{"start":{"line":811,"column":10},"end":{"line":811,"column":36}},"423":{"start":{"line":812,"column":10},"end":{"line":812,"column":16}},"424":{"start":{"line":815,"column":6},"end":{"line":830,"column":7}},"425":{"start":{"line":816,"column":8},"end":{"line":829,"column":22}},"426":{"start":{"line":817,"column":25},"end":{"line":817,"column":40}},"427":{"start":{"line":818,"column":10},"end":{"line":821,"column":11}},"428":{"start":{"line":819,"column":12},"end":{"line":819,"column":26}},"429":{"start":{"line":820,"column":12},"end":{"line":820,"column":18}},"430":{"start":{"line":822,"column":10},"end":{"line":828,"column":11}},"431":{"start":{"line":823,"column":12},"end":{"line":823,"column":30}},"432":{"start":{"line":824,"column":12},"end":{"line":824,"column":41}},"433":{"start":{"line":825,"column":12},"end":{"line":825,"column":41}},"434":{"start":{"line":826,"column":12},"end":{"line":826,"column":41}},"435":{"start":{"line":827,"column":12},"end":{"line":827,"column":18}},"436":{"start":{"line":834,"column":4},"end":{"line":842,"column":5}},"437":{"start":{"line":840,"column":22},"end":{"line":840,"column":48}},"438":{"start":{"line":841,"column":6},"end":{"line":841,"column":48}},"439":{"start":{"line":844,"column":4},"end":{"line":844,"column":22}},"440":{"start":{"line":846,"column":20},"end":{"line":846,"column":46}},"441":{"start":{"line":847,"column":21},"end":{"line":847,"column":89}},"442":{"start":{"line":848,"column":19},"end":{"line":848,"column":89}},"443":{"start":{"line":850,"column":4},"end":{"line":910,"column":5}},"444":{"start":{"line":851,"column":20},"end":{"line":851,"column":77}},"445":{"start":{"line":852,"column":20},"end":{"line":852,"column":52}},"446":{"start":{"line":853,"column":20},"end":{"line":853,"column":52}},"447":{"start":{"line":854,"column":17},"end":{"line":854,"column":58}},"448":{"start":{"line":855,"column":17},"end":{"line":855,"column":58}},"449":{"start":{"line":856,"column":17},"end":{"line":856,"column":58}},"450":{"start":{"line":857,"column":17},"end":{"line":857,"column":58}},"451":{"start":{"line":859,"column":6},"end":{"line":909,"column":9}},"452":{"start":{"line":912,"column":4},"end":{"line":914,"column":5}},"453":{"start":{"line":913,"column":6},"end":{"line":913,"column":171}},"454":{"start":{"line":916,"column":4},"end":{"line":997,"column":9}},"455":{"start":{"line":1003,"column":17},"end":{"line":1003,"column":19}},"456":{"start":{"line":1004,"column":15},"end":{"line":1004,"column":17}},"457":{"start":{"line":1006,"column":4},"end":{"line":1027,"column":5}},"458":{"start":{"line":1008,"column":6},"end":{"line":1008,"column":23}},"459":{"start":{"line":1009,"column":22},"end":{"line":1009,"column":29}},"460":{"start":{"line":1010,"column":6},"end":{"line":1016,"column":7}},"461":{"start":{"line":1011,"column":8},"end":{"line":1013,"column":22}},"462":{"start":{"line":1012,"column":10},"end":{"line":1012,"column":37}},"463":{"start":{"line":1014,"column":13},"end":{"line":1016,"column":7}},"464":{"start":{"line":1015,"column":8},"end":{"line":1015,"column":23}},"465":{"start":{"line":1017,"column":11},"end":{"line":1027,"column":5}},"466":{"start":{"line":1019,"column":6},"end":{"line":1023,"column":20}},"467":{"start":{"line":1020,"column":23},"end":{"line":1020,"column":42}},"468":{"start":{"line":1021,"column":8},"end":{"line":1021,"column":37}},"469":{"start":{"line":1022,"column":8},"end":{"line":1022,"column":22}},"470":{"start":{"line":1024,"column":11},"end":{"line":1027,"column":5}},"471":{"start":{"line":1025,"column":6},"end":{"line":1025,"column":36}},"472":{"start":{"line":1026,"column":6},"end":{"line":1026,"column":21}},"473":{"start":{"line":1029,"column":4},"end":{"line":1057,"column":5}},"474":{"start":{"line":1030,"column":26},"end":{"line":1030,"column":51}},"475":{"start":{"line":1031,"column":6},"end":{"line":1032,"column":72}},"476":{"start":{"line":1033,"column":26},"end":{"line":1033,"column":92}},"477":{"start":{"line":1034,"column":26},"end":{"line":1034,"column":71}},"478":{"start":{"line":1035,"column":6},"end":{"line":1035,"column":51}},"479":{"start":{"line":1037,"column":6},"end":{"line":1037,"column":41}},"480":{"start":{"line":1038,"column":6},"end":{"line":1056,"column":7}},"481":{"start":{"line":1040,"column":25},"end":{"line":1040,"column":91}},"482":{"start":{"line":1041,"column":8},"end":{"line":1041,"column":52}},"483":{"start":{"line":1042,"column":8},"end":{"line":1042,"column":40}},"484":{"start":{"line":1044,"column":8},"end":{"line":1044,"column":69}},"485":{"start":{"line":1045,"column":8},"end":{"line":1054,"column":11}},"486":{"start":{"line":1051,"column":24},"end":{"line":1051,"column":66}},"487":{"start":{"line":1055,"column":8},"end":{"line":1055,"column":40}},"488":{"start":{"line":1063,"column":4},"end":{"line":1129,"column":5}},"489":{"start":{"line":1064,"column":26},"end":{"line":1064,"column":30}},"490":{"start":{"line":1066,"column":20},"end":{"line":1066,"column":67}},"491":{"start":{"line":1067,"column":6},"end":{"line":1072,"column":7}},"492":{"start":{"line":1068,"column":8},"end":{"line":1068,"column":60}},"493":{"start":{"line":1070,"column":28},"end":{"line":1070,"column":98}},"494":{"start":{"line":1071,"column":8},"end":{"line":1071,"column":58}},"495":{"start":{"line":1074,"column":6},"end":{"line":1077,"column":7}},"496":{"start":{"line":1075,"column":8},"end":{"line":1075,"column":71}},"497":{"start":{"line":1076,"column":8},"end":{"line":1076,"column":15}},"498":{"start":{"line":1079,"column":20},"end":{"line":1079,"column":57}},"499":{"start":{"line":1080,"column":18},"end":{"line":1080,"column":74}},"500":{"start":{"line":1082,"column":25},"end":{"line":1082,"column":60}},"501":{"start":{"line":1083,"column":6},"end":{"line":1087,"column":7}},"502":{"start":{"line":1084,"column":8},"end":{"line":1086,"column":22}},"503":{"start":{"line":1085,"column":10},"end":{"line":1085,"column":44}},"504":{"start":{"line":1090,"column":6},"end":{"line":1090,"column":49}},"505":{"start":{"line":1091,"column":6},"end":{"line":1091,"column":50}},"506":{"start":{"line":1092,"column":6},"end":{"line":1092,"column":49}},"507":{"start":{"line":1093,"column":6},"end":{"line":1093,"column":49}},"508":{"start":{"line":1094,"column":6},"end":{"line":1094,"column":49}},"509":{"start":{"line":1097,"column":8},"end":{"line":1097,"column":89}},"510":{"start":{"line":1099,"column":8},"end":{"line":1099,"column":88}},"511":{"start":{"line":1101,"column":8},"end":{"line":1101,"column":88}},"512":{"start":{"line":1103,"column":8},"end":{"line":1103,"column":88}},"513":{"start":{"line":1105,"column":8},"end":{"line":1107,"column":13}},"514":{"start":{"line":1109,"column":25},"end":{"line":1123,"column":38}},"515":{"start":{"line":1126,"column":6},"end":{"line":1126,"column":77}},"516":{"start":{"line":1128,"column":6},"end":{"line":1128,"column":53}},"517":{"start":{"line":1133,"column":27},"end":{"line":1133,"column":75}},"518":{"start":{"line":1133,"column":62},"end":{"line":1133,"column":72}},"519":{"start":{"line":1134,"column":4},"end":{"line":1159,"column":5}},"520":{"start":{"line":1135,"column":6},"end":{"line":1158,"column":7}},"521":{"start":{"line":1136,"column":21},"end":{"line":1136,"column":47}},"522":{"start":{"line":1137,"column":8},"end":{"line":1155,"column":9}},"523":{"start":{"line":1138,"column":27},"end":{"line":1138,"column":47}},"524":{"start":{"line":1139,"column":11},"end":{"line":1154,"column":12}},"525":{"start":{"line":1140,"column":36},"end":{"line":1140,"column":80}},"526":{"start":{"line":1141,"column":25},"end":{"line":1141,"column":35}},"527":{"start":{"line":1142,"column":31},"end":{"line":1142,"column":36}},"528":{"start":{"line":1144,"column":13},"end":{"line":1149,"column":16}},"529":{"start":{"line":1145,"column":34},"end":{"line":1145,"column":91}},"530":{"start":{"line":1146,"column":15},"end":{"line":1148,"column":16}},"531":{"start":{"line":1147,"column":18},"end":{"line":1147,"column":37}},"532":{"start":{"line":1151,"column":13},"end":{"line":1153,"column":14}},"533":{"start":{"line":1152,"column":16},"end":{"line":1152,"column":61}},"534":{"start":{"line":1157,"column":9},"end":{"line":1157,"column":58}},"535":{"start":{"line":1165,"column":22},"end":{"line":1165,"column":45}},"536":{"start":{"line":1166,"column":19},"end":{"line":1166,"column":47}},"537":{"start":{"line":1167,"column":4},"end":{"line":1180,"column":6}},"538":{"start":{"line":1184,"column":17},"end":{"line":1184,"column":52}},"539":{"start":{"line":1185,"column":4},"end":{"line":1185,"column":22}},"540":{"start":{"line":1185,"column":15},"end":{"line":1185,"column":22}},"541":{"start":{"line":1187,"column":25},"end":{"line":1187,"column":45}},"542":{"start":{"line":1188,"column":34},"end":{"line":1188,"column":83}},"543":{"start":{"line":1190,"column":22},"end":{"line":1193,"column":5}},"544":{"start":{"line":1192,"column":8},"end":{"line":1192,"column":96}},"545":{"start":{"line":1195,"column":4},"end":{"line":1198,"column":5}},"546":{"start":{"line":1196,"column":6},"end":{"line":1196,"column":74}},"547":{"start":{"line":1197,"column":6},"end":{"line":1197,"column":13}},"548":{"start":{"line":1200,"column":20},"end":{"line":1211,"column":5}},"549":{"start":{"line":1212,"column":23},"end":{"line":1212,"column":52}},"550":{"start":{"line":1215,"column":4},"end":{"line":1258,"column":5}},"551":{"start":{"line":1216,"column":24},"end":{"line":1216,"column":46}},"552":{"start":{"line":1217,"column":6},"end":{"line":1221,"column":7}},"553":{"start":{"line":1218,"column":9},"end":{"line":1218,"column":49}},"554":{"start":{"line":1220,"column":9},"end":{"line":1220,"column":55}},"555":{"start":{"line":1222,"column":6},"end":{"line":1222,"column":36}},"556":{"start":{"line":1225,"column":20},"end":{"line":1225,"column":25}},"557":{"start":{"line":1226,"column":6},"end":{"line":1251,"column":7}},"558":{"start":{"line":1226,"column":19},"end":{"line":1226,"column":20}},"559":{"start":{"line":1227,"column":8},"end":{"line":1227,"column":46}},"560":{"start":{"line":1227,"column":37},"end":{"line":1227,"column":46}},"561":{"start":{"line":1228,"column":20},"end":{"line":1228,"column":46}},"562":{"start":{"line":1229,"column":8},"end":{"line":1250,"column":9}},"563":{"start":{"line":1230,"column":23},"end":{"line":1230,"column":74}},"564":{"start":{"line":1231,"column":23},"end":{"line":1231,"column":71}},"565":{"start":{"line":1232,"column":10},"end":{"line":1232,"column":51}},"566":{"start":{"line":1232,"column":42},"end":{"line":1232,"column":51}},"567":{"start":{"line":1234,"column":22},"end":{"line":1234,"column":33}},"568":{"start":{"line":1235,"column":22},"end":{"line":1235,"column":33}},"569":{"start":{"line":1237,"column":10},"end":{"line":1249,"column":11}},"570":{"start":{"line":1238,"column":28},"end":{"line":1238,"column":85}},"571":{"start":{"line":1239,"column":25},"end":{"line":1241,"column":13}},"572":{"start":{"line":1240,"column":21},"end":{"line":1240,"column":76}},"573":{"start":{"line":1242,"column":12},"end":{"line":1242,"column":55}},"574":{"start":{"line":1242,"column":31},"end":{"line":1242,"column":55}},"575":{"start":{"line":1243,"column":12},"end":{"line":1243,"column":51}},"576":{"start":{"line":1246,"column":12},"end":{"line":1246,"column":55}},"577":{"start":{"line":1247,"column":12},"end":{"line":1247,"column":27}},"578":{"start":{"line":1248,"column":12},"end":{"line":1248,"column":18}},"579":{"start":{"line":1253,"column":6},"end":{"line":1256,"column":7}},"580":{"start":{"line":1254,"column":8},"end":{"line":1254,"column":76}},"581":{"start":{"line":1255,"column":8},"end":{"line":1255,"column":15}},"582":{"start":{"line":1257,"column":6},"end":{"line":1257,"column":48}},"583":{"start":{"line":1261,"column":4},"end":{"line":1261,"column":53}},"584":{"start":{"line":1262,"column":4},"end":{"line":1262,"column":42}}},"fnMap":{"0":{"name":"(anonymous_0)","decl":{"start":{"line":4,"column":15},"end":{"line":4,"column":16}},"loc":{"start":{"line":4,"column":31},"end":{"line":30,"column":3}},"line":4},"1":{"name":"(anonymous_1)","decl":{"start":{"line":27,"column":36},"end":{"line":27,"column":37}},"loc":{"start":{"line":27,"column":43},"end":{"line":27,"column":51}},"line":27},"2":{"name":"(anonymous_2)","decl":{"start":{"line":29,"column":21},"end":{"line":29,"column":22}},"loc":{"start":{"line":29,"column":28},"end":{"line":29,"column":36}},"line":29},"3":{"name":"(anonymous_3)","decl":{"start":{"line":32,"column":34},"end":{"line":32,"column":35}},"loc":{"start":{"line":32,"column":53},"end":{"line":247,"column":3}},"line":32},"4":{"name":"(anonymous_4)","decl":{"start":{"line":97,"column":49},"end":{"line":97,"column":50}},"loc":{"start":{"line":98,"column":8},"end":{"line":102,"column":17}},"line":98},"5":{"name":"(anonymous_5)","decl":{"start":{"line":108,"column":62},"end":{"line":108,"column":63}},"loc":{"start":{"line":108,"column":69},"end":{"line":108,"column":91}},"line":108},"6":{"name":"(anonymous_6)","decl":{"start":{"line":112,"column":10},"end":{"line":112,"column":11}},"loc":{"start":{"line":112,"column":17},"end":{"line":112,"column":72}},"line":112},"7":{"name":"(anonymous_7)","decl":{"start":{"line":130,"column":35},"end":{"line":130,"column":36}},"loc":{"start":{"line":130,"column":42},"end":{"line":130,"column":64}},"line":130},"8":{"name":"(anonymous_8)","decl":{"start":{"line":132,"column":24},"end":{"line":132,"column":25}},"loc":{"start":{"line":132,"column":31},"end":{"line":132,"column":77}},"line":132},"9":{"name":"(anonymous_9)","decl":{"start":{"line":133,"column":24},"end":{"line":133,"column":25}},"loc":{"start":{"line":133,"column":31},"end":{"line":133,"column":73}},"line":133},"10":{"name":"(anonymous_10)","decl":{"start":{"line":139,"column":27},"end":{"line":139,"column":28}},"loc":{"start":{"line":139,"column":34},"end":{"line":139,"column":42}},"line":139},"11":{"name":"(anonymous_11)","decl":{"start":{"line":144,"column":62},"end":{"line":144,"column":63}},"loc":{"start":{"line":144,"column":69},"end":{"line":144,"column":93}},"line":144},"12":{"name":"(anonymous_12)","decl":{"start":{"line":151,"column":60},"end":{"line":151,"column":61}},"loc":{"start":{"line":151,"column":67},"end":{"line":151,"column":86}},"line":151},"13":{"name":"(anonymous_13)","decl":{"start":{"line":152,"column":55},"end":{"line":152,"column":56}},"loc":{"start":{"line":152,"column":62},"end":{"line":152,"column":86}},"line":152},"14":{"name":"(anonymous_14)","decl":{"start":{"line":189,"column":17},"end":{"line":189,"column":18}},"loc":{"start":{"line":189,"column":30},"end":{"line":189,"column":50}},"line":189},"15":{"name":"(anonymous_15)","decl":{"start":{"line":190,"column":20},"end":{"line":190,"column":21}},"loc":{"start":{"line":190,"column":27},"end":{"line":190,"column":41}},"line":190},"16":{"name":"(anonymous_16)","decl":{"start":{"line":200,"column":58},"end":{"line":200,"column":59}},"loc":{"start":{"line":200,"column":65},"end":{"line":200,"column":74}},"line":200},"17":{"name":"(anonymous_17)","decl":{"start":{"line":249,"column":27},"end":{"line":249,"column":28}},"loc":{"start":{"line":249,"column":50},"end":{"line":376,"column":3}},"line":249},"18":{"name":"(anonymous_18)","decl":{"start":{"line":256,"column":49},"end":{"line":256,"column":50}},"loc":{"start":{"line":257,"column":10},"end":{"line":261,"column":19}},"line":257},"19":{"name":"(anonymous_19)","decl":{"start":{"line":271,"column":76},"end":{"line":271,"column":77}},"loc":{"start":{"line":272,"column":6},"end":{"line":272,"column":28}},"line":272},"20":{"name":"(anonymous_20)","decl":{"start":{"line":274,"column":45},"end":{"line":274,"column":46}},"loc":{"start":{"line":274,"column":52},"end":{"line":274,"column":87}},"line":274},"21":{"name":"(anonymous_21)","decl":{"start":{"line":279,"column":8},"end":{"line":279,"column":9}},"loc":{"start":{"line":279,"column":15},"end":{"line":279,"column":70}},"line":279},"22":{"name":"(anonymous_22)","decl":{"start":{"line":318,"column":38},"end":{"line":318,"column":39}},"loc":{"start":{"line":318,"column":45},"end":{"line":318,"column":67}},"line":318},"23":{"name":"(anonymous_23)","decl":{"start":{"line":319,"column":26},"end":{"line":319,"column":27}},"loc":{"start":{"line":319,"column":33},"end":{"line":319,"column":49}},"line":319},"24":{"name":"(anonymous_24)","decl":{"start":{"line":319,"column":68},"end":{"line":319,"column":69}},"loc":{"start":{"line":319,"column":75},"end":{"line":319,"column":89}},"line":319},"25":{"name":"(anonymous_25)","decl":{"start":{"line":378,"column":20},"end":{"line":378,"column":21}},"loc":{"start":{"line":378,"column":37},"end":{"line":380,"column":3}},"line":378},"26":{"name":"(anonymous_26)","decl":{"start":{"line":382,"column":15},"end":{"line":382,"column":16}},"loc":{"start":{"line":382,"column":31},"end":{"line":389,"column":3}},"line":382},"27":{"name":"(anonymous_27)","decl":{"start":{"line":384,"column":43},"end":{"line":384,"column":44}},"loc":{"start":{"line":384,"column":50},"end":{"line":384,"column":56}},"line":384},"28":{"name":"(anonymous_28)","decl":{"start":{"line":391,"column":15},"end":{"line":391,"column":16}},"loc":{"start":{"line":391,"column":41},"end":{"line":403,"column":3}},"line":391},"29":{"name":"(anonymous_29)","decl":{"start":{"line":396,"column":69},"end":{"line":396,"column":70}},"loc":{"start":{"line":396,"column":76},"end":{"line":396,"column":91}},"line":396},"30":{"name":"(anonymous_30)","decl":{"start":{"line":397,"column":40},"end":{"line":397,"column":41}},"loc":{"start":{"line":397,"column":47},"end":{"line":397,"column":83}},"line":397},"31":{"name":"(anonymous_31)","decl":{"start":{"line":397,"column":60},"end":{"line":397,"column":61}},"loc":{"start":{"line":397,"column":67},"end":{"line":397,"column":82}},"line":397},"32":{"name":"(anonymous_32)","decl":{"start":{"line":405,"column":18},"end":{"line":405,"column":19}},"loc":{"start":{"line":405,"column":41},"end":{"line":412,"column":3}},"line":405},"33":{"name":"(anonymous_33)","decl":{"start":{"line":414,"column":20},"end":{"line":414,"column":21}},"loc":{"start":{"line":414,"column":32},"end":{"line":507,"column":3}},"line":414},"34":{"name":"initStability","decl":{"start":{"line":420,"column":13},"end":{"line":420,"column":26}},"loc":{"start":{"line":420,"column":35},"end":{"line":422,"column":5}},"line":420},"35":{"name":"initDifficulty","decl":{"start":{"line":423,"column":13},"end":{"line":423,"column":27}},"loc":{"start":{"line":423,"column":36},"end":{"line":425,"column":5}},"line":423},"36":{"name":"nextDifficulty","decl":{"start":{"line":426,"column":13},"end":{"line":426,"column":27}},"loc":{"start":{"line":426,"column":39},"end":{"line":429,"column":5}},"line":426},"37":{"name":"meanReversion","decl":{"start":{"line":430,"column":13},"end":{"line":430,"column":26}},"loc":{"start":{"line":430,"column":42},"end":{"line":432,"column":5}},"line":430},"38":{"name":"retrievability","decl":{"start":{"line":433,"column":13},"end":{"line":433,"column":27}},"loc":{"start":{"line":433,"column":48},"end":{"line":435,"column":5}},"line":433},"39":{"name":"nextRecallStability","decl":{"start":{"line":436,"column":13},"end":{"line":436,"column":32}},"loc":{"start":{"line":436,"column":50},"end":{"line":449,"column":5}},"line":436},"40":{"name":"nextForgetStability","decl":{"start":{"line":450,"column":13},"end":{"line":450,"column":32}},"loc":{"start":{"line":450,"column":42},"end":{"line":452,"column":5}},"line":450},"41":{"name":"nextInterval","decl":{"start":{"line":453,"column":13},"end":{"line":453,"column":25}},"loc":{"start":{"line":453,"column":37},"end":{"line":456,"column":5}},"line":453},"42":{"name":"(anonymous_42)","decl":{"start":{"line":459,"column":12},"end":{"line":459,"column":13}},"loc":{"start":{"line":459,"column":30},"end":{"line":505,"column":7}},"line":459},"43":{"name":"(anonymous_43)","decl":{"start":{"line":513,"column":20},"end":{"line":513,"column":21}},"loc":{"start":{"line":513,"column":47},"end":{"line":623,"column":3}},"line":513},"44":{"name":"(anonymous_44)","decl":{"start":{"line":539,"column":33},"end":{"line":539,"column":34}},"loc":{"start":{"line":539,"column":43},"end":{"line":545,"column":15}},"line":539},"45":{"name":"(anonymous_45)","decl":{"start":{"line":569,"column":42},"end":{"line":569,"column":43}},"loc":{"start":{"line":569,"column":52},"end":{"line":572,"column":7}},"line":569},"46":{"name":"(anonymous_46)","decl":{"start":{"line":592,"column":22},"end":{"line":592,"column":23}},"loc":{"start":{"line":592,"column":32},"end":{"line":597,"column":9}},"line":592},"47":{"name":"(anonymous_47)","decl":{"start":{"line":600,"column":22},"end":{"line":600,"column":23}},"loc":{"start":{"line":600,"column":32},"end":{"line":606,"column":9}},"line":600},"48":{"name":"(anonymous_48)","decl":{"start":{"line":625,"column":21},"end":{"line":625,"column":22}},"loc":{"start":{"line":625,"column":52},"end":{"line":665,"column":3}},"line":625},"49":{"name":"(anonymous_49)","decl":{"start":{"line":667,"column":29},"end":{"line":667,"column":30}},"loc":{"start":{"line":667,"column":60},"end":{"line":720,"column":3}},"line":667},"50":{"name":"(anonymous_50)","decl":{"start":{"line":723,"column":28},"end":{"line":723,"column":29}},"loc":{"start":{"line":723,"column":59},"end":{"line":747,"column":5}},"line":723},"51":{"name":"(anonymous_51)","decl":{"start":{"line":751,"column":28},"end":{"line":751,"column":29}},"loc":{"start":{"line":751,"column":49},"end":{"line":789,"column":5}},"line":751},"52":{"name":"(anonymous_52)","decl":{"start":{"line":757,"column":68},"end":{"line":757,"column":69}},"loc":{"start":{"line":757,"column":75},"end":{"line":757,"column":83}},"line":757},"53":{"name":"(anonymous_53)","decl":{"start":{"line":792,"column":15},"end":{"line":792,"column":16}},"loc":{"start":{"line":792,"column":45},"end":{"line":998,"column":3}},"line":792},"54":{"name":"(anonymous_54)","decl":{"start":{"line":1000,"column":15},"end":{"line":1000,"column":16}},"loc":{"start":{"line":1000,"column":45},"end":{"line":1058,"column":3}},"line":1000},"55":{"name":"(anonymous_55)","decl":{"start":{"line":1051,"column":14},"end":{"line":1051,"column":15}},"loc":{"start":{"line":1051,"column":24},"end":{"line":1051,"column":66}},"line":1051},"56":{"name":"(anonymous_56)","decl":{"start":{"line":1062,"column":20},"end":{"line":1062,"column":21}},"loc":{"start":{"line":1062,"column":50},"end":{"line":1160,"column":3}},"line":1062},"57":{"name":"(anonymous_57)","decl":{"start":{"line":1133,"column":57},"end":{"line":1133,"column":58}},"loc":{"start":{"line":1133,"column":62},"end":{"line":1133,"column":72}},"line":1133},"58":{"name":"(anonymous_58)","decl":{"start":{"line":1144,"column":32},"end":{"line":1144,"column":33}},"loc":{"start":{"line":1144,"column":42},"end":{"line":1149,"column":14}},"line":1144},"59":{"name":"(anonymous_59)","decl":{"start":{"line":1164,"column":18},"end":{"line":1164,"column":19}},"loc":{"start":{"line":1164,"column":42},"end":{"line":1181,"column":3}},"line":1164},"60":{"name":"(anonymous_60)","decl":{"start":{"line":1183,"column":19},"end":{"line":1183,"column":20}},"loc":{"start":{"line":1183,"column":46},"end":{"line":1263,"column":3}},"line":1183},"61":{"name":"(anonymous_61)","decl":{"start":{"line":1191,"column":6},"end":{"line":1191,"column":7}},"loc":{"start":{"line":1192,"column":8},"end":{"line":1192,"column":96}},"line":1192},"62":{"name":"(anonymous_62)","decl":{"start":{"line":1240,"column":14},"end":{"line":1240,"column":15}},"loc":{"start":{"line":1240,"column":21},"end":{"line":1240,"column":76}},"line":1240}},"branchMap":{"0":{"loc":{"start":{"line":9,"column":6},"end":{"line":16,"column":7}},"type":"if","locations":[{"start":{"line":9,"column":6},"end":{"line":16,"column":7}},{"start":{},"end":{}}],"line":9},"1":{"loc":{"start":{"line":10,"column":8},"end":{"line":15,"column":9}},"type":"if","locations":[{"start":{"line":10,"column":8},"end":{"line":15,"column":9}},{"start":{"line":13,"column":15},"end":{"line":15,"column":9}}],"line":10},"2":{"loc":{"start":{"line":17,"column":6},"end":{"line":22,"column":7}},"type":"if","locations":[{"start":{"line":17,"column":6},"end":{"line":22,"column":7}},{"start":{"line":20,"column":13},"end":{"line":22,"column":7}}],"line":17},"3":{"loc":{"start":{"line":17,"column":10},"end":{"line":17,"column":36}},"type":"binary-expr","locations":[{"start":{"line":17,"column":10},"end":{"line":17,"column":25}},{"start":{"line":17,"column":29},"end":{"line":17,"column":36}}],"line":17},"4":{"loc":{"start":{"line":26,"column":4},"end":{"line":28,"column":5}},"type":"if","locations":[{"start":{"line":26,"column":4},"end":{"line":28,"column":5}},{"start":{},"end":{}}],"line":26},"5":{"loc":{"start":{"line":34,"column":4},"end":{"line":34,"column":82}},"type":"if","locations":[{"start":{"line":34,"column":4},"end":{"line":34,"column":82}},{"start":{},"end":{}}],"line":34},"6":{"loc":{"start":{"line":34,"column":8},"end":{"line":34,"column":47}},"type":"binary-expr","locations":[{"start":{"line":34,"column":8},"end":{"line":34,"column":16}},{"start":{"line":34,"column":20},"end":{"line":34,"column":47}}],"line":34},"7":{"loc":{"start":{"line":40,"column":6},"end":{"line":89,"column":7}},"type":"if","locations":[{"start":{"line":40,"column":6},"end":{"line":89,"column":7}},{"start":{},"end":{}}],"line":40},"8":{"loc":{"start":{"line":45,"column":15},"end":{"line":45,"column":59}},"type":"binary-expr","locations":[{"start":{"line":45,"column":15},"end":{"line":45,"column":31}},{"start":{"line":45,"column":35},"end":{"line":45,"column":59}}],"line":45},"9":{"loc":{"start":{"line":46,"column":10},"end":{"line":52,"column":11}},"type":"if","locations":[{"start":{"line":46,"column":10},"end":{"line":52,"column":11}},{"start":{"line":48,"column":17},"end":{"line":52,"column":11}}],"line":46},"10":{"loc":{"start":{"line":48,"column":17},"end":{"line":52,"column":11}},"type":"if","locations":[{"start":{"line":48,"column":17},"end":{"line":52,"column":11}},{"start":{"line":50,"column":17},"end":{"line":52,"column":11}}],"line":48},"11":{"loc":{"start":{"line":56,"column":8},"end":{"line":88,"column":9}},"type":"if","locations":[{"start":{"line":56,"column":8},"end":{"line":88,"column":9}},{"start":{},"end":{}}],"line":56},"12":{"loc":{"start":{"line":61,"column":10},"end":{"line":67,"column":11}},"type":"if","locations":[{"start":{"line":61,"column":10},"end":{"line":67,"column":11}},{"start":{},"end":{}}],"line":61},"13":{"loc":{"start":{"line":61,"column":14},"end":{"line":61,"column":51}},"type":"binary-expr","locations":[{"start":{"line":61,"column":14},"end":{"line":61,"column":22}},{"start":{"line":61,"column":26},"end":{"line":61,"column":51}}],"line":61},"14":{"loc":{"start":{"line":63,"column":13},"end":{"line":66,"column":14}},"type":"if","locations":[{"start":{"line":63,"column":13},"end":{"line":66,"column":14}},{"start":{},"end":{}}],"line":63},"15":{"loc":{"start":{"line":70,"column":10},"end":{"line":77,"column":11}},"type":"if","locations":[{"start":{"line":70,"column":10},"end":{"line":77,"column":11}},{"start":{},"end":{}}],"line":70},"16":{"loc":{"start":{"line":86,"column":16},"end":{"line":86,"column":31}},"type":"binary-expr","locations":[{"start":{"line":86,"column":16},"end":{"line":86,"column":25}},{"start":{"line":86,"column":29},"end":{"line":86,"column":31}}],"line":86},"17":{"loc":{"start":{"line":95,"column":6},"end":{"line":95,"column":49}},"type":"if","locations":[{"start":{"line":95,"column":6},"end":{"line":95,"column":49}},{"start":{},"end":{}}],"line":95},"18":{"loc":{"start":{"line":110,"column":6},"end":{"line":114,"column":7}},"type":"if","locations":[{"start":{"line":110,"column":6},"end":{"line":114,"column":7}},{"start":{},"end":{}}],"line":110},"19":{"loc":{"start":{"line":112,"column":17},"end":{"line":112,"column":72}},"type":"binary-expr","locations":[{"start":{"line":112,"column":17},"end":{"line":112,"column":39}},{"start":{"line":112,"column":43},"end":{"line":112,"column":72}}],"line":112},"20":{"loc":{"start":{"line":115,"column":6},"end":{"line":115,"column":47}},"type":"if","locations":[{"start":{"line":115,"column":6},"end":{"line":115,"column":47}},{"start":{},"end":{}}],"line":115},"21":{"loc":{"start":{"line":115,"column":10},"end":{"line":115,"column":36}},"type":"binary-expr","locations":[{"start":{"line":115,"column":10},"end":{"line":115,"column":21}},{"start":{"line":115,"column":25},"end":{"line":115,"column":36}}],"line":115},"22":{"loc":{"start":{"line":119,"column":6},"end":{"line":124,"column":7}},"type":"if","locations":[{"start":{"line":119,"column":6},"end":{"line":124,"column":7}},{"start":{},"end":{}}],"line":119},"23":{"loc":{"start":{"line":120,"column":8},"end":{"line":121,"column":77}},"type":"binary-expr","locations":[{"start":{"line":120,"column":8},"end":{"line":120,"column":24}},{"start":{"line":121,"column":8},"end":{"line":121,"column":77}}],"line":120},"24":{"loc":{"start":{"line":126,"column":13},"end":{"line":126,"column":64}},"type":"binary-expr","locations":[{"start":{"line":126,"column":13},"end":{"line":126,"column":29}},{"start":{"line":126,"column":33},"end":{"line":126,"column":64}}],"line":126},"25":{"loc":{"start":{"line":131,"column":8},"end":{"line":136,"column":9}},"type":"if","locations":[{"start":{"line":131,"column":8},"end":{"line":136,"column":9}},{"start":{},"end":{}}],"line":131},"26":{"loc":{"start":{"line":132,"column":10},"end":{"line":133,"column":74}},"type":"binary-expr","locations":[{"start":{"line":132,"column":10},"end":{"line":132,"column":78}},{"start":{"line":133,"column":10},"end":{"line":133,"column":74}}],"line":132},"27":{"loc":{"start":{"line":132,"column":31},"end":{"line":132,"column":77}},"type":"binary-expr","locations":[{"start":{"line":132,"column":31},"end":{"line":132,"column":47}},{"start":{"line":132,"column":51},"end":{"line":132,"column":77}}],"line":132},"28":{"loc":{"start":{"line":133,"column":31},"end":{"line":133,"column":73}},"type":"binary-expr","locations":[{"start":{"line":133,"column":31},"end":{"line":133,"column":45}},{"start":{"line":133,"column":49},"end":{"line":133,"column":73}}],"line":133},"29":{"loc":{"start":{"line":139,"column":8},"end":{"line":142,"column":9}},"type":"if","locations":[{"start":{"line":139,"column":8},"end":{"line":142,"column":9}},{"start":{},"end":{}}],"line":139},"30":{"loc":{"start":{"line":144,"column":8},"end":{"line":240,"column":9}},"type":"if","locations":[{"start":{"line":144,"column":8},"end":{"line":240,"column":9}},{"start":{},"end":{}}],"line":144},"31":{"loc":{"start":{"line":144,"column":12},"end":{"line":144,"column":94}},"type":"binary-expr","locations":[{"start":{"line":144,"column":12},"end":{"line":144,"column":47}},{"start":{"line":144,"column":51},"end":{"line":144,"column":94}}],"line":144},"32":{"loc":{"start":{"line":144,"column":69},"end":{"line":144,"column":93}},"type":"binary-expr","locations":[{"start":{"line":144,"column":69},"end":{"line":144,"column":70}},{"start":{"line":144,"column":74},"end":{"line":144,"column":93}}],"line":144},"33":{"loc":{"start":{"line":150,"column":10},"end":{"line":163,"column":11}},"type":"if","locations":[{"start":{"line":150,"column":10},"end":{"line":163,"column":11}},{"start":{},"end":{}}],"line":150},"34":{"loc":{"start":{"line":150,"column":14},"end":{"line":150,"column":49}},"type":"binary-expr","locations":[{"start":{"line":150,"column":14},"end":{"line":150,"column":23}},{"start":{"line":150,"column":27},"end":{"line":150,"column":49}}],"line":150},"35":{"loc":{"start":{"line":152,"column":62},"end":{"line":152,"column":86}},"type":"binary-expr","locations":[{"start":{"line":152,"column":62},"end":{"line":152,"column":63}},{"start":{"line":152,"column":67},"end":{"line":152,"column":86}}],"line":152},"36":{"loc":{"start":{"line":153,"column":12},"end":{"line":162,"column":13}},"type":"if","locations":[{"start":{"line":153,"column":12},"end":{"line":162,"column":13}},{"start":{},"end":{}}],"line":153},"37":{"loc":{"start":{"line":154,"column":14},"end":{"line":156,"column":58}},"type":"binary-expr","locations":[{"start":{"line":154,"column":14},"end":{"line":154,"column":37}},{"start":{"line":155,"column":14},"end":{"line":155,"column":40}},{"start":{"line":156,"column":14},"end":{"line":156,"column":58}}],"line":154},"38":{"loc":{"start":{"line":159,"column":14},"end":{"line":159,"column":85}},"type":"if","locations":[{"start":{"line":159,"column":14},"end":{"line":159,"column":85}},{"start":{},"end":{}}],"line":159},"39":{"loc":{"start":{"line":159,"column":18},"end":{"line":159,"column":60}},"type":"binary-expr","locations":[{"start":{"line":159,"column":18},"end":{"line":159,"column":29}},{"start":{"line":159,"column":33},"end":{"line":159,"column":60}}],"line":159},"40":{"loc":{"start":{"line":160,"column":14},"end":{"line":160,"column":85}},"type":"if","locations":[{"start":{"line":160,"column":14},"end":{"line":160,"column":85}},{"start":{},"end":{}}],"line":160},"41":{"loc":{"start":{"line":160,"column":18},"end":{"line":160,"column":60}},"type":"binary-expr","locations":[{"start":{"line":160,"column":18},"end":{"line":160,"column":29}},{"start":{"line":160,"column":33},"end":{"line":160,"column":60}}],"line":160},"42":{"loc":{"start":{"line":161,"column":14},"end":{"line":161,"column":93}},"type":"if","locations":[{"start":{"line":161,"column":14},"end":{"line":161,"column":93}},{"start":{},"end":{}}],"line":161},"43":{"loc":{"start":{"line":161,"column":18},"end":{"line":161,"column":64}},"type":"binary-expr","locations":[{"start":{"line":161,"column":18},"end":{"line":161,"column":31}},{"start":{"line":161,"column":35},"end":{"line":161,"column":64}}],"line":161},"44":{"loc":{"start":{"line":166,"column":12},"end":{"line":168,"column":18}},"type":"cond-expr","locations":[{"start":{"line":167,"column":16},"end":{"line":167,"column":64}},{"start":{"line":168,"column":16},"end":{"line":168,"column":18}}],"line":166},"45":{"loc":{"start":{"line":166,"column":12},"end":{"line":166,"column":58}},"type":"binary-expr","locations":[{"start":{"line":166,"column":12},"end":{"line":166,"column":26}},{"start":{"line":166,"column":30},"end":{"line":166,"column":58}}],"line":166},"46":{"loc":{"start":{"line":170,"column":12},"end":{"line":172,"column":18}},"type":"cond-expr","locations":[{"start":{"line":171,"column":16},"end":{"line":171,"column":64}},{"start":{"line":172,"column":16},"end":{"line":172,"column":18}}],"line":170},"47":{"loc":{"start":{"line":170,"column":12},"end":{"line":170,"column":58}},"type":"binary-expr","locations":[{"start":{"line":170,"column":12},"end":{"line":170,"column":26}},{"start":{"line":170,"column":30},"end":{"line":170,"column":58}}],"line":170},"48":{"loc":{"start":{"line":175,"column":10},"end":{"line":185,"column":11}},"type":"if","locations":[{"start":{"line":175,"column":10},"end":{"line":185,"column":11}},{"start":{},"end":{}}],"line":175},"49":{"loc":{"start":{"line":175,"column":14},"end":{"line":175,"column":34}},"type":"binary-expr","locations":[{"start":{"line":175,"column":14},"end":{"line":175,"column":22}},{"start":{"line":175,"column":26},"end":{"line":175,"column":34}}],"line":175},"50":{"loc":{"start":{"line":177,"column":14},"end":{"line":179,"column":20}},"type":"cond-expr","locations":[{"start":{"line":178,"column":18},"end":{"line":178,"column":63}},{"start":{"line":179,"column":18},"end":{"line":179,"column":20}}],"line":177},"51":{"loc":{"start":{"line":177,"column":14},"end":{"line":177,"column":54}},"type":"binary-expr","locations":[{"start":{"line":177,"column":14},"end":{"line":177,"column":25}},{"start":{"line":177,"column":29},"end":{"line":177,"column":54}}],"line":177},"52":{"loc":{"start":{"line":181,"column":14},"end":{"line":183,"column":20}},"type":"cond-expr","locations":[{"start":{"line":182,"column":18},"end":{"line":182,"column":63}},{"start":{"line":183,"column":18},"end":{"line":183,"column":20}}],"line":181},"53":{"loc":{"start":{"line":181,"column":14},"end":{"line":181,"column":54}},"type":"binary-expr","locations":[{"start":{"line":181,"column":14},"end":{"line":181,"column":25}},{"start":{"line":181,"column":29},"end":{"line":181,"column":54}}],"line":181},"54":{"loc":{"start":{"line":191,"column":10},"end":{"line":193,"column":11}},"type":"if","locations":[{"start":{"line":191,"column":10},"end":{"line":193,"column":11}},{"start":{},"end":{}}],"line":191},"55":{"loc":{"start":{"line":191,"column":14},"end":{"line":191,"column":28}},"type":"binary-expr","locations":[{"start":{"line":191,"column":14},"end":{"line":191,"column":16}},{"start":{"line":191,"column":20},"end":{"line":191,"column":28}}],"line":191},"56":{"loc":{"start":{"line":192,"column":12},"end":{"line":192,"column":55}},"type":"if","locations":[{"start":{"line":192,"column":12},"end":{"line":192,"column":55}},{"start":{},"end":{}}],"line":192},"57":{"loc":{"start":{"line":194,"column":10},"end":{"line":208,"column":11}},"type":"if","locations":[{"start":{"line":194,"column":10},"end":{"line":208,"column":11}},{"start":{},"end":{}}],"line":194},"58":{"loc":{"start":{"line":194,"column":14},"end":{"line":194,"column":28}},"type":"binary-expr","locations":[{"start":{"line":194,"column":14},"end":{"line":194,"column":16}},{"start":{"line":194,"column":20},"end":{"line":194,"column":28}}],"line":194},"59":{"loc":{"start":{"line":195,"column":12},"end":{"line":207,"column":13}},"type":"if","locations":[{"start":{"line":195,"column":12},"end":{"line":207,"column":13}},{"start":{},"end":{}}],"line":195},"60":{"loc":{"start":{"line":197,"column":14},"end":{"line":206,"column":15}},"type":"if","locations":[{"start":{"line":197,"column":14},"end":{"line":206,"column":15}},{"start":{"line":199,"column":21},"end":{"line":206,"column":15}}],"line":197},"61":{"loc":{"start":{"line":201,"column":16},"end":{"line":205,"column":17}},"type":"if","locations":[{"start":{"line":201,"column":16},"end":{"line":205,"column":17}},{"start":{"line":203,"column":23},"end":{"line":205,"column":17}}],"line":201},"62":{"loc":{"start":{"line":201,"column":20},"end":{"line":201,"column":81}},"type":"binary-expr","locations":[{"start":{"line":201,"column":20},"end":{"line":201,"column":41}},{"start":{"line":201,"column":45},"end":{"line":201,"column":81}}],"line":201},"63":{"loc":{"start":{"line":211,"column":10},"end":{"line":211,"column":57}},"type":"if","locations":[{"start":{"line":211,"column":10},"end":{"line":211,"column":57}},{"start":{},"end":{}}],"line":211},"64":{"loc":{"start":{"line":213,"column":10},"end":{"line":239,"column":11}},"type":"if","locations":[{"start":{"line":213,"column":10},"end":{"line":239,"column":11}},{"start":{},"end":{}}],"line":213},"65":{"loc":{"start":{"line":213,"column":14},"end":{"line":213,"column":20}},"type":"binary-expr","locations":[{"start":{"line":213,"column":14},"end":{"line":213,"column":15}},{"start":{"line":213,"column":19},"end":{"line":213,"column":20}}],"line":213},"66":{"loc":{"start":{"line":215,"column":29},"end":{"line":215,"column":96}},"type":"cond-expr","locations":[{"start":{"line":215,"column":68},"end":{"line":215,"column":91}},{"start":{"line":215,"column":94},"end":{"line":215,"column":96}}],"line":215},"67":{"loc":{"start":{"line":215,"column":29},"end":{"line":215,"column":65}},"type":"binary-expr","locations":[{"start":{"line":215,"column":29},"end":{"line":215,"column":45}},{"start":{"line":215,"column":49},"end":{"line":215,"column":65}}],"line":215},"68":{"loc":{"start":{"line":216,"column":12},"end":{"line":232,"column":13}},"type":"if","locations":[{"start":{"line":216,"column":12},"end":{"line":232,"column":13}},{"start":{},"end":{}}],"line":216},"69":{"loc":{"start":{"line":251,"column":4},"end":{"line":251,"column":34}},"type":"if","locations":[{"start":{"line":251,"column":4},"end":{"line":251,"column":34}},{"start":{},"end":{}}],"line":251},"70":{"loc":{"start":{"line":255,"column":6},"end":{"line":267,"column":7}},"type":"if","locations":[{"start":{"line":255,"column":6},"end":{"line":267,"column":7}},{"start":{},"end":{}}],"line":255},"71":{"loc":{"start":{"line":263,"column":8},"end":{"line":266,"column":9}},"type":"if","locations":[{"start":{"line":263,"column":8},"end":{"line":266,"column":9}},{"start":{},"end":{}}],"line":263},"72":{"loc":{"start":{"line":263,"column":12},"end":{"line":263,"column":58}},"type":"binary-expr","locations":[{"start":{"line":263,"column":12},"end":{"line":263,"column":34}},{"start":{"line":263,"column":38},"end":{"line":263,"column":58}}],"line":263},"73":{"loc":{"start":{"line":269,"column":4},"end":{"line":269,"column":43}},"type":"if","locations":[{"start":{"line":269,"column":4},"end":{"line":269,"column":43}},{"start":{},"end":{}}],"line":269},"74":{"loc":{"start":{"line":277,"column":4},"end":{"line":281,"column":5}},"type":"if","locations":[{"start":{"line":277,"column":4},"end":{"line":281,"column":5}},{"start":{},"end":{}}],"line":277},"75":{"loc":{"start":{"line":279,"column":15},"end":{"line":279,"column":70}},"type":"binary-expr","locations":[{"start":{"line":279,"column":15},"end":{"line":279,"column":37}},{"start":{"line":279,"column":41},"end":{"line":279,"column":70}}],"line":279},"76":{"loc":{"start":{"line":282,"column":4},"end":{"line":282,"column":34}},"type":"if","locations":[{"start":{"line":282,"column":4},"end":{"line":282,"column":34}},{"start":{},"end":{}}],"line":282},"77":{"loc":{"start":{"line":285,"column":4},"end":{"line":326,"column":5}},"type":"if","locations":[{"start":{"line":285,"column":4},"end":{"line":326,"column":5}},{"start":{},"end":{}}],"line":285},"78":{"loc":{"start":{"line":291,"column":13},"end":{"line":291,"column":81}},"type":"binary-expr","locations":[{"start":{"line":291,"column":13},"end":{"line":291,"column":35}},{"start":{"line":291,"column":39},"end":{"line":291,"column":81}}],"line":291},"79":{"loc":{"start":{"line":299,"column":6},"end":{"line":307,"column":7}},"type":"if","locations":[{"start":{"line":299,"column":6},"end":{"line":307,"column":7}},{"start":{},"end":{}}],"line":299},"80":{"loc":{"start":{"line":300,"column":8},"end":{"line":301,"column":82}},"type":"binary-expr","locations":[{"start":{"line":300,"column":8},"end":{"line":300,"column":29}},{"start":{"line":301,"column":8},"end":{"line":301,"column":82}}],"line":300},"81":{"loc":{"start":{"line":312,"column":8},"end":{"line":315,"column":29}},"type":"cond-expr","locations":[{"start":{"line":314,"column":12},"end":{"line":314,"column":22}},{"start":{"line":315,"column":12},"end":{"line":315,"column":29}}],"line":312},"82":{"loc":{"start":{"line":312,"column":8},"end":{"line":313,"column":82}},"type":"binary-expr","locations":[{"start":{"line":312,"column":8},"end":{"line":312,"column":29}},{"start":{"line":313,"column":8},"end":{"line":313,"column":82}}],"line":312},"83":{"loc":{"start":{"line":316,"column":13},"end":{"line":316,"column":64}},"type":"binary-expr","locations":[{"start":{"line":316,"column":13},"end":{"line":316,"column":29}},{"start":{"line":316,"column":33},"end":{"line":316,"column":64}}],"line":316},"84":{"loc":{"start":{"line":319,"column":8},"end":{"line":319,"column":98}},"type":"if","locations":[{"start":{"line":319,"column":8},"end":{"line":319,"column":98}},{"start":{},"end":{}}],"line":319},"85":{"loc":{"start":{"line":319,"column":12},"end":{"line":319,"column":90}},"type":"binary-expr","locations":[{"start":{"line":319,"column":12},"end":{"line":319,"column":50}},{"start":{"line":319,"column":54},"end":{"line":319,"column":90}}],"line":319},"86":{"loc":{"start":{"line":340,"column":14},"end":{"line":340,"column":30}},"type":"binary-expr","locations":[{"start":{"line":340,"column":14},"end":{"line":340,"column":25}},{"start":{"line":340,"column":29},"end":{"line":340,"column":30}}],"line":340},"87":{"loc":{"start":{"line":393,"column":6},"end":{"line":400,"column":7}},"type":"if","locations":[{"start":{"line":393,"column":6},"end":{"line":400,"column":7}},{"start":{},"end":{}}],"line":393},"88":{"loc":{"start":{"line":395,"column":8},"end":{"line":399,"column":9}},"type":"if","locations":[{"start":{"line":395,"column":8},"end":{"line":399,"column":9}},{"start":{},"end":{}}],"line":395},"89":{"loc":{"start":{"line":398,"column":10},"end":{"line":398,"column":37}},"type":"if","locations":[{"start":{"line":398,"column":10},"end":{"line":398,"column":37}},{"start":{},"end":{}}],"line":398},"90":{"loc":{"start":{"line":407,"column":6},"end":{"line":409,"column":7}},"type":"if","locations":[{"start":{"line":407,"column":6},"end":{"line":409,"column":7}},{"start":{},"end":{}}],"line":407},"91":{"loc":{"start":{"line":437,"column":26},"end":{"line":437,"column":50}},"type":"cond-expr","locations":[{"start":{"line":437,"column":41},"end":{"line":437,"column":46}},{"start":{"line":437,"column":49},"end":{"line":437,"column":50}}],"line":437},"92":{"loc":{"start":{"line":438,"column":24},"end":{"line":438,"column":48}},"type":"cond-expr","locations":[{"start":{"line":438,"column":39},"end":{"line":438,"column":44}},{"start":{"line":438,"column":47},"end":{"line":438,"column":48}}],"line":438},"93":{"loc":{"start":{"line":461,"column":22},"end":{"line":461,"column":51}},"type":"binary-expr","locations":[{"start":{"line":461,"column":22},"end":{"line":461,"column":32}},{"start":{"line":461,"column":36},"end":{"line":461,"column":51}}],"line":461},"94":{"loc":{"start":{"line":464,"column":8},"end":{"line":488,"column":9}},"type":"if","locations":[{"start":{"line":464,"column":8},"end":{"line":488,"column":9}},{"start":{"line":474,"column":15},"end":{"line":488,"column":9}}],"line":464},"95":{"loc":{"start":{"line":467,"column":10},"end":{"line":473,"column":11}},"type":"if","locations":[{"start":{"line":467,"column":10},"end":{"line":473,"column":11}},{"start":{"line":470,"column":17},"end":{"line":473,"column":11}}],"line":467},"96":{"loc":{"start":{"line":471,"column":23},"end":{"line":471,"column":43}},"type":"cond-expr","locations":[{"start":{"line":471,"column":38},"end":{"line":471,"column":39}},{"start":{"line":471,"column":42},"end":{"line":471,"column":43}}],"line":471},"97":{"loc":{"start":{"line":475,"column":29},"end":{"line":475,"column":80}},"type":"cond-expr","locations":[{"start":{"line":475,"column":48},"end":{"line":475,"column":74}},{"start":{"line":475,"column":77},"end":{"line":475,"column":80}}],"line":475},"98":{"loc":{"start":{"line":477,"column":44},"end":{"line":477,"column":63}},"type":"binary-expr","locations":[{"start":{"line":477,"column":44},"end":{"line":477,"column":58}},{"start":{"line":477,"column":62},"end":{"line":477,"column":63}}],"line":477},"99":{"loc":{"start":{"line":478,"column":38},"end":{"line":478,"column":58}},"type":"binary-expr","locations":[{"start":{"line":478,"column":38},"end":{"line":478,"column":53}},{"start":{"line":478,"column":57},"end":{"line":478,"column":58}}],"line":478},"100":{"loc":{"start":{"line":479,"column":10},"end":{"line":487,"column":11}},"type":"if","locations":[{"start":{"line":479,"column":10},"end":{"line":487,"column":11}},{"start":{"line":483,"column":17},"end":{"line":487,"column":11}}],"line":479},"101":{"loc":{"start":{"line":480,"column":56},"end":{"line":480,"column":75}},"type":"binary-expr","locations":[{"start":{"line":480,"column":56},"end":{"line":480,"column":70}},{"start":{"line":480,"column":74},"end":{"line":480,"column":75}}],"line":480},"102":{"loc":{"start":{"line":484,"column":56},"end":{"line":484,"column":75}},"type":"binary-expr","locations":[{"start":{"line":484,"column":56},"end":{"line":484,"column":70}},{"start":{"line":484,"column":74},"end":{"line":484,"column":75}}],"line":484},"103":{"loc":{"start":{"line":498,"column":17},"end":{"line":498,"column":31}},"type":"binary-expr","locations":[{"start":{"line":498,"column":17},"end":{"line":498,"column":26}},{"start":{"line":498,"column":30},"end":{"line":498,"column":31}}],"line":498},"104":{"loc":{"start":{"line":499,"column":18},"end":{"line":499,"column":74}},"type":"cond-expr","locations":[{"start":{"line":499,"column":33},"end":{"line":499,"column":55}},{"start":{"line":499,"column":58},"end":{"line":499,"column":74}}],"line":499},"105":{"loc":{"start":{"line":499,"column":34},"end":{"line":499,"column":50}},"type":"binary-expr","locations":[{"start":{"line":499,"column":34},"end":{"line":499,"column":45}},{"start":{"line":499,"column":49},"end":{"line":499,"column":50}}],"line":499},"106":{"loc":{"start":{"line":499,"column":58},"end":{"line":499,"column":74}},"type":"binary-expr","locations":[{"start":{"line":499,"column":58},"end":{"line":499,"column":69}},{"start":{"line":499,"column":73},"end":{"line":499,"column":74}}],"line":499},"107":{"loc":{"start":{"line":518,"column":23},"end":{"line":518,"column":59}},"type":"cond-expr","locations":[{"start":{"line":518,"column":45},"end":{"line":518,"column":52}},{"start":{"line":518,"column":55},"end":{"line":518,"column":59}}],"line":518},"108":{"loc":{"start":{"line":520,"column":6},"end":{"line":523,"column":7}},"type":"if","locations":[{"start":{"line":520,"column":6},"end":{"line":523,"column":7}},{"start":{},"end":{}}],"line":520},"109":{"loc":{"start":{"line":531,"column":10},"end":{"line":553,"column":11}},"type":"if","locations":[{"start":{"line":531,"column":10},"end":{"line":553,"column":11}},{"start":{},"end":{}}],"line":531},"110":{"loc":{"start":{"line":533,"column":12},"end":{"line":552,"column":13}},"type":"if","locations":[{"start":{"line":533,"column":12},"end":{"line":552,"column":13}},{"start":{},"end":{}}],"line":533},"111":{"loc":{"start":{"line":541,"column":35},"end":{"line":541,"column":92}},"type":"cond-expr","locations":[{"start":{"line":541,"column":53},"end":{"line":541,"column":78}},{"start":{"line":541,"column":81},"end":{"line":541,"column":92}}],"line":541},"112":{"loc":{"start":{"line":542,"column":16},
[...]
"line":1029,"column":4},"end":{"line":1057,"column":5}},{"start":{},"end":{}}],"line":1029},"205":{"loc":{"start":{"line":1032,"column":9},"end":{"line":1032,"column":66}},"type":"binary-expr","locations":[{"start":{"line":1032,"column":9},"end":{"line":1032,"column":61}},{"start":{"line":1032,"column":65},"end":{"line":1032,"column":66}}],"line":1032},"206":{"loc":{"start":{"line":1038,"column":6},"end":{"line":1056,"column":7}},"type":"if","locations":[{"start":{"line":1038,"column":6},"end":{"line":1056,"column":7}},{"start":{"line":1043,"column":13},"end":{"line":1056,"column":7}}],"line":1038},"207":{"loc":{"start":{"line":1051,"column":29},"end":{"line":1051,"column":65}},"type":"binary-expr","locations":[{"start":{"line":1051,"column":29},"end":{"line":1051,"column":40}},{"start":{"line":1051,"column":44},"end":{"line":1051,"column":60}},{"start":{"line":1051,"column":64},"end":{"line":1051,"column":65}}],"line":1051},"208":{"loc":{"start":{"line":1053,"column":17},"end":{"line":1053,"column":61}},"type":"binary-expr","locations":[{"start":{"line":1053,"column":17},"end":{"line":1053,"column":56}},{"start":{"line":1053,"column":60},"end":{"line":1053,"column":61}}],"line":1053},"209":{"loc":{"start":{"line":1067,"column":6},"end":{"line":1072,"column":7}},"type":"if","locations":[{"start":{"line":1067,"column":6},"end":{"line":1072,"column":7}},{"start":{"line":1069,"column":13},"end":{"line":1072,"column":7}}],"line":1067},"210":{"loc":{"start":{"line":1067,"column":10},"end":{"line":1067,"column":35}},"type":"binary-expr","locations":[{"start":{"line":1067,"column":10},"end":{"line":1067,"column":15}},{"start":{"line":1067,"column":19},"end":{"line":1067,"column":35}}],"line":1067},"211":{"loc":{"start":{"line":1074,"column":6},"end":{"line":1077,"column":7}},"type":"if","locations":[{"start":{"line":1074,"column":6},"end":{"line":1077,"column":7}},{"start":{},"end":{}}],"line":1074},"212":{"loc":{"start":{"line":1079,"column":20},"end":{"line":1079,"column":57}},"type":"binary-expr","locations":[{"start":{"line":1079,"column":21},"end":{"line":1079,"column":50}},{"start":{"line":1079,"column":55},"end":{"line":1079,"column":57}}],"line":1079},"213":{"loc":{"start":{"line":1083,"column":6},"end":{"line":1087,"column":7}},"type":"if","locations":[{"start":{"line":1083,"column":6},"end":{"line":1087,"column":7}},{"start":{},"end":{}}],"line":1083},"214":{"loc":{"start":{"line":1091,"column":21},"end":{"line":1091,"column":49}},"type":"binary-expr","locations":[{"start":{"line":1091,"column":21},"end":{"line":1091,"column":44}},{"start":{"line":1091,"column":48},"end":{"line":1091,"column":49}}],"line":1091},"215":{"loc":{"start":{"line":1092,"column":20},"end":{"line":1092,"column":48}},"type":"binary-expr","locations":[{"start":{"line":1092,"column":20},"end":{"line":1092,"column":43}},{"start":{"line":1092,"column":47},"end":{"line":1092,"column":48}}],"line":1092},"216":{"loc":{"start":{"line":1093,"column":20},"end":{"line":1093,"column":48}},"type":"binary-expr","locations":[{"start":{"line":1093,"column":20},"end":{"line":1093,"column":43}},{"start":{"line":1093,"column":47},"end":{"line":1093,"column":48}}],"line":1093},"217":{"loc":{"start":{"line":1094,"column":20},"end":{"line":1094,"column":48}},"type":"binary-expr","locations":[{"start":{"line":1094,"column":20},"end":{"line":1094,"column":43}},{"start":{"line":1094,"column":47},"end":{"line":1094,"column":48}}],"line":1094},"218":{"loc":{"start":{"line":1097,"column":8},"end":{"line":1097,"column":89}},"type":"cond-expr","locations":[{"start":{"line":1097,"column":33},"end":{"line":1097,"column":85}},{"start":{"line":1097,"column":88},"end":{"line":1097,"column":89}}],"line":1097},"219":{"loc":{"start":{"line":1099,"column":8},"end":{"line":1099,"column":88}},"type":"cond-expr","locations":[{"start":{"line":1099,"column":33},"end":{"line":1099,"column":84}},{"start":{"line":1099,"column":87},"end":{"line":1099,"column":88}}],"line":1099},"220":{"loc":{"start":{"line":1101,"column":8},"end":{"line":1101,"column":88}},"type":"cond-expr","locations":[{"start":{"line":1101,"column":33},"end":{"line":1101,"column":84}},{"start":{"line":1101,"column":87},"end":{"line":1101,"column":88}}],"line":1101},"221":{"loc":{"start":{"line":1103,"column":8},"end":{"line":1103,"column":88}},"type":"cond-expr","locations":[{"start":{"line":1103,"column":33},"end":{"line":1103,"column":84}},{"start":{"line":1103,"column":87},"end":{"line":1103,"column":88}}],"line":1103},"222":{"loc":{"start":{"line":1105,"column":8},"end":{"line":1107,"column":13}},"type":"cond-expr","locations":[{"start":{"line":1106,"column":12},"end":{"line":1106,"column":91}},{"start":{"line":1107,"column":12},"end":{"line":1107,"column":13}}],"line":1105},"223":{"loc":{"start":{"line":1137,"column":8},"end":{"line":1155,"column":9}},"type":"if","locations":[{"start":{"line":1137,"column":8},"end":{"line":1155,"column":9}},{"start":{},"end":{}}],"line":1137},"224":{"loc":{"start":{"line":1139,"column":11},"end":{"line":1154,"column":12}},"type":"if","locations":[{"start":{"line":1139,"column":11},"end":{"line":1154,"column":12}},{"start":{},"end":{}}],"line":1139},"225":{"loc":{"start":{"line":1145,"column":34},"end":{"line":1145,"column":91}},"type":"cond-expr","locations":[{"start":{"line":1145,"column":52},"end":{"line":1145,"column":77}},{"start":{"line":1145,"column":80},"end":{"line":1145,"column":91}}],"line":1145},"226":{"loc":{"start":{"line":1146,"column":15},"end":{"line":1148,"column":16}},"type":"if","locations":[{"start":{"line":1146,"column":15},"end":{"line":1148,"column":16}},{"start":{},"end":{}}],"line":1146},"227":{"loc":{"start":{"line":1146,"column":19},"end":{"line":1146,"column":67}},"type":"binary-expr","locations":[{"start":{"line":1146,"column":19},"end":{"line":1146,"column":46}},{"start":{"line":1146,"column":50},"end":{"line":1146,"column":67}}],"line":1146},"228":{"loc":{"start":{"line":1151,"column":13},"end":{"line":1153,"column":14}},"type":"if","locations":[{"start":{"line":1151,"column":13},"end":{"line":1153,"column":14}},{"start":{},"end":{}}],"line":1151},"229":{"loc":{"start":{"line":1151,"column":17},"end":{"line":1151,"column":75}},"type":"binary-expr","locations":[{"start":{"line":1151,"column":17},"end":{"line":1151,"column":29}},{"start":{"line":1151,"column":33},"end":{"line":1151,"column":42}},{"start":{"line":1151,"column":46},"end":{"line":1151,"column":75}}],"line":1151},"230":{"loc":{"start":{"line":1185,"column":4},"end":{"line":1185,"column":22}},"type":"if","locations":[{"start":{"line":1185,"column":4},"end":{"line":1185,"column":22}},{"start":{},"end":{}}],"line":1185},"231":{"loc":{"start":{"line":1192,"column":8},"end":{"line":1192,"column":96}},"type":"binary-expr","locations":[{"start":{"line":1192,"column":9},"end":{"line":1192,"column":37}},{"start":{"line":1192,"column":41},"end":{"line":1192,"column":65}},{"start":{"line":1192,"column":70},"end":{"line":1192,"column":96}}],"line":1192},"232":{"loc":{"start":{"line":1195,"column":4},"end":{"line":1198,"column":5}},"type":"if","locations":[{"start":{"line":1195,"column":4},"end":{"line":1198,"column":5}},{"start":{},"end":{}}],"line":1195},"233":{"loc":{"start":{"line":1201,"column":22},"end":{"line":1201,"column":59}},"type":"binary-expr","locations":[{"start":{"line":1201,"column":22},"end":{"line":1201,"column":41}},{"start":{"line":1201,"column":45},"end":{"line":1201,"column":59}}],"line":1201},"234":{"loc":{"start":{"line":1215,"column":4},"end":{"line":1258,"column":5}},"type":"if","locations":[{"start":{"line":1215,"column":4},"end":{"line":1258,"column":5}},{"start":{"line":1223,"column":11},"end":{"line":1258,"column":5}}],"line":1215},"235":{"loc":{"start":{"line":1217,"column":6},"end":{"line":1221,"column":7}},"type":"if","locations":[{"start":{"line":1217,"column":6},"end":{"line":1221,"column":7}},{"start":{"line":1219,"column":13},"end":{"line":1221,"column":7}}],"line":1217},"236":{"loc":{"start":{"line":1227,"column":8},"end":{"line":1227,"column":46}},"type":"if","locations":[{"start":{"line":1227,"column":8},"end":{"line":1227,"column":46}},{"start":{},"end":{}}],"line":1227},"237":{"loc":{"start":{"line":1229,"column":8},"end":{"line":1250,"column":9}},"type":"if","locations":[{"start":{"line":1229,"column":8},"end":{"line":1250,"column":9}},{"start":{},"end":{}}],"line":1229},"238":{"loc":{"start":{"line":1232,"column":10},"end":{"line":1232,"column":51}},"type":"if","locations":[{"start":{"line":1232,"column":10},"end":{"line":1232,"column":51}},{"start":{},"end":{}}],"line":1232},"239":{"loc":{"start":{"line":1232,"column":14},"end":{"line":1232,"column":40}},"type":"binary-expr","locations":[{"start":{"line":1232,"column":14},"end":{"line":1232,"column":25}},{"start":{"line":1232,"column":29},"end":{"line":1232,"column":40}}],"line":1232},"240":{"loc":{"start":{"line":1237,"column":10},"end":{"line":1249,"column":11}},"type":"if","locations":[{"start":{"line":1237,"column":10},"end":{"line":1249,"column":11}},{"start":{},"end":{}}],"line":1237},"241":{"loc":{"start":{"line":1237,"column":14},"end":{"line":1237,"column":72}},"type":"binary-expr","locations":[{"start":{"line":1237,"column":14},"end":{"line":1237,"column":42}},{"start":{"line":1237,"column":46},"end":{"line":1237,"column":72}}],"line":1237},"242":{"loc":{"start":{"line":1240,"column":21},"end":{"line":1240,"column":76}},"type":"binary-expr","locations":[{"start":{"line":1240,"column":21},"end":{"line":1240,"column":43}},{"start":{"line":1240,"column":47},"end":{"line":1240,"column":76}}],"line":1240},"243":{"loc":{"start":{"line":1242,"column":12},"end":{"line":1242,"column":55}},"type":"if","locations":[{"start":{"line":1242,"column":12},"end":{"line":1242,"column":55}},{"start":{},"end":{}}],"line":1242},"244":{"loc":{"start":{"line":1253,"column":6},"end":{"line":1256,"column":7}},"type":"if","locations":[{"start":{"line":1253,"column":6},"end":{"line":1256,"column":7}},{"start":{},"end":{}}],"line":1253}},"s":{"0":4,"1":39,"2":39,"3":39,"4":39,"5":39,"6":953,"7":0,"8":0,"9":0,"10":0,"11":953,"12":137,"13":137,"14":816,"15":39,"16":39,"17":39,"18":98,"19":0,"20":0,"21":7,"22":7,"23":0,"24":7,"25":7,"26":7,"27":27,"28":0,"29":0,"30":0,"31":0,"32":0,"33":0,"34":0,"35":0,"36":0,"37":0,"38":0,"39":0,"40":0,"41":0,"42":0,"43":0,"44":0,"45":0,"46":0,"47":0,"48":0,"49":0,"50":0,"51":0,"52":0,"53":7,"54":7,"55":15,"56":15,"57":7,"58":8,"59":21,"60":8,"61":8,"62":8,"63":21,"64":8,"65":8,"66":6,"67":15,"68":8,"69":2,"70":6,"71":6,"72":6,"73":6,"74":6,"75":6,"76":15,"77":6,"78":15,"79":0,"80":0,"81":6,"82":8,"83":0,"84":0,"85":6,"86":0,"87":6,"88":6,"89":6,"90":6,"91":2,"92":3,"93":2,"94":4,"95":2,"96":1,"97":1,"98":1,"99":1,"100":0,"101":1,"102":0,"103":6,"104":6,"105":6,"106":0,"107":0,"108":0,"109":6,"110":15,"111":15,"112":6,"113":0,"114":0,"115":6,"116":0,"117":0,"118":0,"119":0,"120":0,"121":0,"122":0,"123":0,"124":6,"125":6,"126":6,"127":6,"128":6,"129":6,"130":2,"131":2,"132":2,"133":0,"134":0,"135":0,"136":0,"137":6,"138":6,"139":6,"140":7,"141":1,"142":1,"143":0,"144":1,"145":1,"146":1,"147":2,"148":2,"149":6,"150":2,"151":1,"152":1,"153":1,"154":0,"155":1,"156":3,"157":1,"158":3,"159":1,"160":1,"161":1,"162":0,"163":0,"164":1,"165":0,"166":1,"167":0,"168":0,"169":0,"170":0,"171":0,"172":0,"173":0,"174":0,"175":0,"176":0,"177":0,"178":0,"179":0,"180":0,"181":0,"182":0,"183":0,"184":0,"185":0,"186":0,"187":0,"188":0,"189":0,"190":0,"191":0,"192":0,"193":0,"194":0,"195":0,"196":0,"197":1,"198":1,"199":1,"200":0,"201":1,"202":0,"203":1,"204":1,"205":1,"206":1,"207":1,"208":2,"209":2,"210":2,"211":7,"212":2,"213":2,"214":8,"215":8,"216":22,"217":8,"218":8,"219":8,"220":18,"221":8,"222":14,"223":22,"224":8,"225":8,"226":0,"227":2,"228":2,"229":5,"230":2,"231":0,"232":2,"233":3,"234":3,"235":3,"236":3,"237":3,"238":3,"239":3,"240":3,"241":3,"242":0,"243":3,"244":3,"245":2,"246":6,"247":6,"248":6,"249":3,"250":3,"251":3,"252":1,"253":1,"254":2,"255":2,"256":3,"257":3,"258":3,"259":3,"260":3,"261":0,"262":0,"263":0,"264":3,"265":3,"266":3,"267":6,"268":6,"269":6,"270":2,"271":2,"272":2,"273":2,"274":0,"275":0,"276":2,"277":2,"278":2,"279":3,"280":3,"281":3,"282":3,"283":3,"284":3,"285":3,"286":3,"287":3,"288":2,"289":2,"290":2,"291":2,"292":3,"293":2,"294":3,"295":0,"296":2,"297":1,"298":1,"299":0,"300":2,"301":2,"302":2,"303":2,"304":2,"305":1,"306":1,"307":1,"308":1,"309":0,"310":1,"311":0,"312":0,"313":0,"314":0,"315":1,"316":0,"317":0,"318":0,"319":0,"320":1,"321":1,"322":1,"323":1,"324":1,"325":1,"326":1,"327":0,"328":0,"329":0,"330":1,"331":0,"332":0,"333":0,"334":0,"335":0,"336":0,"337":0,"338":0,"339":0,"340":0,"341":0,"342":0,"343":0,"344":0,"345":0,"346":0,"347":0,"348":0,"349":0,"350":0,"351":0,"352":0,"353":0,"354":0,"355":0,"356":0,"357":0,"358":0,"359":0,"360":0,"361":0,"362":0,"363":0,"364":0,"365":0,"366":0,"367":0,"368":0,"369":0,"370":0,"371":0,"372":0,"373":0,"374":0,"375":0,"376":0,"377":0,"378":1,"379":1,"380":1,"381":1,"382":0,"383":1,"384":1,"385":1,"386":0,"387":0,"388":0,"389":0,"390":0,"391":0,"392":0,"393":0,"394":0,"395":0,"396":0,"397":0,"398":0,"399":0,"400":0,"401":0,"402":0,"403":0,"404":0,"405":0,"406":0,"407":0,"408":0,"409":0,"410":0,"411":0,"412":0,"413":0,"414":0,"415":0,"416":0,"417":0,"418":0,"419":0,"420":0,"421":0,"422":0,"423":0,"424":0,"425":0,"426":0,"427":0,"428":0,"429":0,"430":0,"431":0,"432":0,"433":0,"434":0,"435":0,"436":0,"437":0,"438":0,"439":0,"440":0,"441":0,"442":0,"443":0,"444":0,"445":0,"446":0,"447":0,"448":0,"449":0,"450":0,"451":0,"452":0,"453":0,"454":0,"455":0,"456":0,"457":0,"458":0,"459":0,"460":0,"461":0,"462":0,"463":0,"464":0,"465":0,"466":0,"467":0,"468":0,"469":0,"470":0,"471":0,"472":0,"473":0,"474":0,"475":0,"476":0,"477":0,"478":0,"479":0,"480":0,"481":0,"482":0,"483":0,"484":0,"485":0,"486":0,"487":0,"488":0,"489":0,"490":0,"491":0,"492":0,"493":0,"494":0,"495":0,"496":0,"497":0,"498":0,"499":0,"500":0,"501":0,"502":0,"503":0,"504":0,"505":0,"506":0,"507":0,"508":0,"509":0,"510":0,"511":0,"512":0,"513":0,"514":0,"515":0,"516":0,"517":0,"518":0,"519":0,"520":0,"521":0,"522":0,"523":0,"524":0,"525":0,"526":0,"527":0,"528":0,"529":0,"530":0,"531":0,"532":0,"533":0,"534":0,"535":0,"536":0,"537":0,"538":1,"539":1,"540":0,"541":1,"542":1,"543":1,"544":1,"545":1,"546":0,"547":0,"548":1,"549":1,"550":1,"551":0,"552":0,"553":0,"554":0,"555":0,"556":1,"557":1,"558":1,"559":4,"560":1,"561":3,"562":3,"563":3,"564":3,"565":3,"566":0,"567":3,"568":3,"569":3,"570":1,"571":1,"572":2,"573":1,"574":1,"575":1,"576":1,"577":1,"578":1,"579":1,"580":0,"581":0,"582":1,"583":1,"584":1},"f":{"0":39,"1":98,"2":0,"3":7,"4":21,"5":21,"6":15,"7":15,"8":15,"9":0,"10":8,"11":0,"12":3,"13":4,"14":15,"15":15,"16":0,"17":1,"18":6,"19":3,"20":3,"21":0,"22":0,"23":0,"24":0,"25":2,"26":2,"27":7,"28":8,"29":18,"30":14,"31":22,"32":2,"33":2,"34":3,"35":3,"36":3,"37":3,"38":3,"39":3,"40":0,"41":3,"42":6,"43":2,"44":2,"45":2,"46":0,"47":1,"48":0,"49":0,"50":1,"51":0,"52":0,"53":0,"54":0,"55":0,"56":0,"57":0,"58":0,"59":0,"60":1,"61":1,"62":2},"b":{"0":[0,953],"1":[0,0],"2":[137,816],"3":[953,137],"4":[39,0],"5":[0,7],"6":[7,7],"7":[0,27],"8":[0,0],"9":[0,0],"10":[0,0],"11":[0,0],"12":[0,0],"13":[0,0],"14":[0,0],"15":[0,0],"16":[0,0],"17":[7,8],"18":[6,2],"19":[15,15],"20":[2,6],"21":[8,6],"22":[6,0],"23":[6,6],"24":[12,9],"25":[0,6],"26":[6,0],"27":[15,15],"28":[0,0],"29":[0,6],"30":[6,0],"31":[6,0],"32":[0,0],"33":[2,4],"34":[6,4],"35":[4,2],"36":[1,1],"37":[2,2,2],"38":[1,0],"39":[1,1],"40":[0,1],"41":[1,1],"42":[0,1],"43":[1,0],"44":[6,0],"45":[6,6],"46":[6,0],"47":[6,6],"48":[0,6],"49":[6,0],"50":[0,0],"51":[0,0],"52":[0,0],"53":[0,0],"54":[0,6],"55":[6,6],"56":[0,0],"57":[0,6],"58":[6,6],"59":[0,0],"60":[0,0],"61":[0,0],"62":[0,0],"63":[6,0],"64":[6,0],"65":[6,6],"66":[2,4],"67":[6,2],"68":[2,4],"69":[0,1],"70":[2,0],"71":[1,1],"72":[2,1],"73":[0,1],"74":[0,1],"75":[0,0],"76":[0,1],"77":[0,1],"78":[0,0],"79":[0,0],"80":[0,0],"81":[0,0],"82":[0,0],"83":[0,0],"84":[0,0],"85":[0,0],"86":[1,1],"87":[8,14],"88":[8,0],"89":[8,0],"90":[2,3],"91":[1,2],"92":[0,3],"93":[6,3],"94":[3,3],"95":[1,2],"96":[1,1],"97":[2,1],"98":[3,0],"99":[3,0],"100":[0,3],"101":[0,0],"102":[3,0],"103":[6,3],"104":[1,5],"105":[1,1],"106":[5,5],"107":[1,1],"108":[0,2],"109":[3,0],"110":[3,0],"111":[0,2],"112":[2,0],"113":[2,2],"114":[2,1],"115":[0,2],"116":[0,2],"117":[1,1],"118":[0,1],"119":[1,1],"120":[0,1],"121":[0,1],"122":[0,0],"123":[0,0],"124":[0,1],"125":[0,1],"126":[0,1],"127":[0,1],"128":[0,1],"129":[1,1],"130":[0,0],"131":[0,0,0],"132":[0,0],"133":[0,0],"134":[0,0],"135":[0,0],"136":[0,0],"137":[0,0],"138":[0,0],"139":[0,0],"140":[0,0],"141":[0,0],"142":[0,0],"143":[0,0],"144":[0,0],"145":[0,0],"146":[0,0],"147":[0,0,0],"148":[0,0],"149":[0,0],"150":[0,1],"151":[1,1],"152":[1,0],"153":[1,1],"154":[0,0],"155":[0,0],"156":[0,0],"157":[0,0],"158":[0,0],"159":[0,0],"160":[0,0],"161":[0,0],"162":[0,0],"163":[0,0],"164":[0,0],"165":[0,0],"166":[0,0],"167":[0,0],"168":[0,0],"169":[0,0],"170":[0,0],"171":[0,0],"172":[0,0,0,0],"173":[0,0],"174":[0,0],"175":[0,0],"176":[0,0],"177":[0,0],"178":[0,0],"179":[0,0,0],"180":[0,0,0],"181":[0,0,0],"182":[0,0],"183":[0,0],"184":[0,0],"185":[0,0],"186":[0,0],"187":[0,0],"188":[0,0],"189":[0,0],"190":[0,0],"191":[0,0],"192":[0,0],"193":[0,0],"194":[0,0],"195":[0,0],"196":[0,0],"197":[0,0],"198":[0,0],"199":[0,0],"200":[0,0],"201":[0,0],"202":[0,0],"203":[0,0],"204":[0,0],"205":[0,0],"206":[0,0],"207":[0,0,0],"208":[0,0],"209":[0,0],"210":[0,0],"211":[0,0],"212":[0,0],"213":[0,0],"214":[0,0],"215":[0,0],"216":[0,0],"217":[0,0],"218":[0,0],"219":[0,0],"220":[0,0],"221":[0,0],"222":[0,0],"223":[0,0],"224":[0,0],"225":[0,0],"226":[0,0],"227":[0,0],"228":[0,0],"229":[0,0,0],"230":[0,1],"231":[1,1,0],"232":[0,1],"233":[1,1],"234":[0,1],"235":[0,0],"236":[1,3],"237":[3,0],"238":[0,3],"239":[3,3],"240":[1,2],"241":[3,1],"242":[2,2],"243":[1,0],"244":[0,1]},"_coverageSchema":"1a1c01bbd47fc00a2c39e90264f33305004495a9","hash":"6fb929d6e035ae29b73d50549f8056efa9b848c0"}
,"/Users/thewytchhaus/Documents/GitHub/Amplenote-Spaced-Repetition/tests/mock-app.js": {"path":"/Users/thewytchhaus/Documents/GitHub/Amplenote-Spaced-Repetition/tests/mock-app.js","statementMap":{"0":{"start":{"line":1,"column":32},"end":{"line":1,"column":51}},"1":{"start":{"line":1,"column":76},"end":{"line":1,"column":86}},"2":{"start":{"line":1,"column":114},"end":{"line":1,"column":124}},"3":{"start":{"line":1,"column":216},"end":{"line":1,"column":241}}},"fnMap":{"0":{"name":"(anonymous_0)","decl":{"start":{"line":1,"column":16},"end":{"line":1,"column":17}},"loc":{"start":{"line":1,"column":30},"end":{"line":1,"column":53}},"line":1},"1":{"name":"(anonymous_1)","decl":{"start":{"line":1,"column":54},"end":{"line":1,"column":55}},"loc":{"start":{"line":1,"column":74},"end":{"line":1,"column":88}},"line":1},"2":{"name":"(anonymous_2)","decl":{"start":{"line":1,"column":89},"end":{"line":1,"column":90}},"loc":{"start":{"line":1,"column":112},"end":{"line":1,"column":126}},"line":1},"3":{"name":"(anonymous_3)","decl":{"start":{"line":1,"column":127},"end":{"line":1,"column":128}},"loc":{"start":{"line":1,"column":154},"end":{"line":1,"column":156}},"line":1},"4":{"name":"(anonymous_4)","decl":{"start":{"line":1,"column":157},"end":{"line":1,"column":158}},"loc":{"start":{"line":1,"column":176},"end":{"line":1,"column":178}},"line":1},"5":{"name":"(anonymous_5)","decl":{"start":{"line":1,"column":179},"end":{"line":1,"column":180}},"loc":{"start":{"line":1,"column":194},"end":{"line":1,"column":196}},"line":1},"6":{"name":"(anonymous_6)","decl":{"start":{"line":1,"column":197},"end":{"line":1,"column":198}},"loc":{"start":{"line":1,"column":211},"end":{"line":1,"column":213}},"line":1}},"branchMap":{},"s":{"0":3,"1":0,"2":0,"3":1},"f":{"0":3,"1":0,"2":0,"3":0,"4":1,"5":0,"6":0},"b":{},"_coverageSchema":"1a1c01bbd47fc00a2c39e90264f33305004495a9","hash":"dae1ee87be20b64efbbf1359dad3822593f9f6f7"}
}
