TN:
SF:plugin.js
FN:4,(anonymous_0)
FN:27,(anonymous_1)
FN:29,(anonymous_2)
FN:32,(anonymous_3)
FN:97,(anonymous_4)
FN:108,(anonymous_5)
FN:112,(anonymous_6)
FN:130,(anonymous_7)
FN:132,(anonymous_8)
FN:133,(anonymous_9)
FN:139,(anonymous_10)
FN:144,(anonymous_11)
FN:151,(anonymous_12)
FN:152,(anonymous_13)
FN:189,(anonymous_14)
FN:190,(anonymous_15)
FN:200,(anonymous_16)
FN:249,(anonymous_17)
FN:256,(anonymous_18)
FN:271,(anonymous_19)
FN:274,(anonymous_20)
FN:279,(anonymous_21)
FN:318,(anonymous_22)
FN:319,(anonymous_23)
FN:319,(anonymous_24)
FN:378,(anonymous_25)
FN:382,(anonymous_26)
FN:384,(anonymous_27)
FN:391,(anonymous_28)
FN:396,(anonymous_29)
FN:397,(anonymous_30)
FN:397,(anonymous_31)
FN:405,(anonymous_32)
FN:414,(anonymous_33)
FN:420,initStability
FN:423,initDifficulty
FN:426,nextDifficulty
FN:430,meanReversion
FN:433,retrievability
FN:436,nextRecallStability
FN:450,nextForgetStability
FN:453,nextInterval
FN:459,(anonymous_42)
FN:513,(anonymous_43)
FN:539,(anonymous_44)
FN:569,(anonymous_45)
FN:592,(anonymous_46)
FN:600,(anonymous_47)
FN:625,(anonymous_48)
FN:667,(anonymous_49)
FN:723,(anonymous_50)
FN:751,(anonymous_51)
FN:757,(anonymous_52)
FN:792,(anonymous_53)
FN:1000,(anonymous_54)
FN:1051,(anonymous_55)
FN:1062,(anonymous_56)
FN:1133,(anonymous_57)
FN:1144,(anonymous_58)
FN:1164,(anonymous_59)
FN:1183,(anonymous_60)
FN:1191,(anonymous_61)
FN:1240,(anonymous_62)
FNF:63
FNH:42
FNDA:39,(anonymous_0)
FNDA:98,(anonymous_1)
FNDA:0,(anonymous_2)
FNDA:7,(anonymous_3)
FNDA:21,(anonymous_4)
FNDA:21,(anonymous_5)
FNDA:15,(anonymous_6)
FNDA:15,(anonymous_7)
FNDA:15,(anonymous_8)
FNDA:0,(anonymous_9)
FNDA:8,(anonymous_10)
FNDA:0,(anonymous_11)
FNDA:3,(anonymous_12)
FNDA:4,(anonymous_13)
FNDA:15,(anonymous_14)
FNDA:15,(anonymous_15)
FNDA:0,(anonymous_16)
FNDA:1,(anonymous_17)
FNDA:6,(anonymous_18)
FNDA:3,(anonymous_19)
FNDA:3,(anonymous_20)
FNDA:0,(anonymous_21)
FNDA:0,(anonymous_22)
FNDA:0,(anonymous_23)
FNDA:0,(anonymous_24)
FNDA:2,(anonymous_25)
FNDA:2,(anonymous_26)
FNDA:7,(anonymous_27)
FNDA:8,(anonymous_28)
FNDA:18,(anonymous_29)
FNDA:14,(anonymous_30)
FNDA:22,(anonymous_31)
FNDA:2,(anonymous_32)
FNDA:2,(anonymous_33)
FNDA:3,initStability
FNDA:3,initDifficulty
FNDA:3,nextDifficulty
FNDA:3,meanReversion
FNDA:3,retrievability
FNDA:3,nextRecallStability
FNDA:0,nextForgetStability
FNDA:3,nextInterval
FNDA:6,(anonymous_42)
FNDA:2,(anonymous_43)
FNDA:2,(anonymous_44)
FNDA:2,(anonymous_45)
FNDA:0,(anonymous_46)
FNDA:1,(anonymous_47)
FNDA:0,(anonymous_48)
FNDA:0,(anonymous_49)
FNDA:1,(anonymous_50)
FNDA:0,(anonymous_51)
FNDA:0,(anonymous_52)
FNDA:0,(anonymous_53)
FNDA:0,(anonymous_54)
FNDA:0,(anonymous_55)
FNDA:0,(anonymous_56)
FNDA:0,(anonymous_57)
FNDA:0,(anonymous_58)
FNDA:0,(anonymous_59)
FNDA:1,(anonymous_60)
FNDA:1,(anonymous_61)
FNDA:2,(anonymous_62)
DA:1,4
DA:5,39
DA:6,39
DA:7,39
DA:8,39
DA:9,953
DA:10,0
DA:11,0
DA:12,0
DA:14,0
DA:17,953
DA:18,137
DA:19,137
DA:21,816
DA:24,39
DA:26,39
DA:27,98
DA:29,0
DA:33,7
DA:34,7
DA:35,7
DA:38,7
DA:40,27
DA:41,0
DA:42,0
DA:43,0
DA:45,0
DA:46,0
DA:47,0
DA:48,0
DA:49,0
DA:51,0
DA:53,0
DA:56,0
DA:58,0
DA:59,0
DA:61,0
DA:62,0
DA:63,0
DA:64,0
DA:65,0
DA:69,0
DA:70,0
DA:71,0
DA:72,0
DA:73,0
DA:75,0
DA:79,0
DA:93,7
DA:94,15
DA:95,15
DA:97,8
DA:98,21
DA:104,8
DA:105,8
DA:108,21
DA:109,8
DA:110,8
DA:111,6
DA:112,15
DA:115,8
DA:117,6
DA:119,6
DA:123,6
DA:126,6
DA:127,6
DA:130,15
DA:131,6
DA:132,15
DA:133,0
DA:135,0
DA:139,8
DA:140,0
DA:141,0
DA:144,6
DA:146,6
DA:147,6
DA:148,6
DA:150,6
DA:151,3
DA:152,4
DA:153,2
DA:158,1
DA:159,1
DA:160,1
DA:161,1
DA:166,6
DA:170,6
DA:175,6
DA:176,0
DA:180,0
DA:184,0
DA:188,6
DA:189,15
DA:190,15
DA:191,6
DA:192,0
DA:194,6
DA:195,0
DA:197,0
DA:198,0
DA:200,0
DA:201,0
DA:202,0
DA:204,0
DA:211,6
DA:213,6
DA:214,6
DA:215,6
DA:216,6
DA:217,2
DA:219,2
DA:220,2
DA:222,0
DA:223,0
DA:227,0
DA:228,0
DA:233,6
DA:241,6
DA:243,6
DA:246,7
DA:250,1
DA:251,1
DA:253,1
DA:254,1
DA:255,2
DA:256,2
DA:257,6
DA:263,2
DA:264,1
DA:265,1
DA:269,1
DA:271,1
DA:272,3
DA:274,3
DA:275,1
DA:276,1
DA:277,1
DA:278,0
DA:279,0
DA:282,1
DA:285,1
DA:286,0
DA:288,0
DA:289,0
DA:291,0
DA:292,0
DA:293,0
DA:295,0
DA:298,0
DA:299,0
DA:303,0
DA:304,0
DA:305,0
DA:306,0
DA:312,0
DA:316,0
DA:317,0
DA:318,0
DA:319,0
DA:321,0
DA:322,0
DA:323,0
DA:324,0
DA:328,1
DA:331,1
DA:332,1
DA:333,1
DA:335,1
DA:350,1
DA:356,1
DA:374,1
DA:375,1
DA:379,2
DA:383,2
DA:384,7
DA:387,2
DA:388,2
DA:392,8
DA:393,22
DA:394,8
DA:395,8
DA:396,18
DA:397,22
DA:398,8
DA:402,0
DA:406,2
DA:407,5
DA:408,2
DA:411,0
DA:415,2
DA:421,3
DA:424,3
DA:427,3
DA:428,3
DA:431,3
DA:434,3
DA:437,3
DA:438,3
DA:439,3
DA:451,0
DA:454,3
DA:455,3
DA:458,2
DA:460,6
DA:461,6
DA:464,6
DA:465,3
DA:466,3
DA:467,3
DA:468,1
DA:469,1
DA:471,2
DA:472,2
DA:475,3
DA:476,3
DA:477,3
DA:478,3
DA:479,3
DA:480,0
DA:481,0
DA:482,0
DA:484,3
DA:485,3
DA:486,3
DA:490,6
DA:491,6
DA:493,6
DA:514,2
DA:518,2
DA:519,2
DA:520,2
DA:521,0
DA:522,0
DA:525,2
DA:526,2
DA:528,2
DA:529,3
DA:530,3
DA:531,3
DA:532,3
DA:533,3
DA:534,3
DA:536,3
DA:537,3
DA:539,3
DA:540,2
DA:541,2
DA:542,2
DA:543,2
DA:547,3
DA:548,2
DA:551,3
DA:555,0
DA:560,2
DA:561,1
DA:562,1
DA:564,0
DA:568,2
DA:569,2
DA:570,2
DA:571,2
DA:574,2
DA:575,1
DA:576,1
DA:580,1
DA:581,1
DA:582,0
DA:585,1
DA:587,0
DA:588,0
DA:589,0
DA:591,1
DA:592,0
DA:594,0
DA:595,0
DA:596,0
DA:600,1
DA:601,1
DA:602,1
DA:603,1
DA:604,1
DA:605,1
DA:610,1
DA:611,0
DA:612,0
DA:613,0
DA:617,1
DA:619,0
DA:620,0
DA:621,0
DA:626,0
DA:627,0
DA:638,0
DA:639,0
DA:641,0
DA:646,0
DA:648,0
DA:651,0
DA:652,0
DA:653,0
DA:657,0
DA:660,0
DA:662,0
DA:663,0
DA:668,0
DA:669,0
DA:670,0
DA:671,0
DA:672,0
DA:673,0
DA:675,0
DA:680,0
DA:683,0
DA:690,0
DA:695,0
DA:697,0
DA:698,0
DA:699,0
DA:700,0
DA:702,0
DA:706,0
DA:707,0
DA:708,0
DA:709,0
DA:711,0
DA:712,0
DA:713,0
DA:716,0
DA:717,0
DA:719,0
DA:725,1
DA:726,1
DA:727,1
DA:730,1
DA:732,0
DA:735,1
DA:736,1
DA:739,1
DA:742,0
DA:744,0
DA:745,0
DA:753,0
DA:754,0
DA:755,0
DA:756,0
DA:757,0
DA:760,0
DA:764,0
DA:769,0
DA:770,0
DA:771,0
DA:773,0
DA:774,0
DA:778,0
DA:779,0
DA:781,0
DA:784,0
DA:786,0
DA:787,0
DA:795,0
DA:796,0
DA:797,0
DA:798,0
DA:799,0
DA:801,0
DA:802,0
DA:803,0
DA:804,0
DA:805,0
DA:807,0
DA:808,0
DA:809,0
DA:810,0
DA:811,0
DA:812,0
DA:815,0
DA:816,0
DA:817,0
DA:818,0
DA:819,0
DA:820,0
DA:822,0
DA:823,0
DA:824,0
DA:825,0
DA:826,0
DA:827,0
DA:834,0
DA:840,0
DA:841,0
DA:844,0
DA:846,0
DA:847,0
DA:848,0
DA:850,0
DA:851,0
DA:852,0
DA:853,0
DA:854,0
DA:855,0
DA:856,0
DA:857,0
DA:859,0
DA:912,0
DA:913,0
DA:916,0
DA:1003,0
DA:1004,0
DA:1006,0
DA:1008,0
DA:1009,0
DA:1010,0
DA:1011,0
DA:1012,0
DA:1014,0
DA:1015,0
DA:1017,0
DA:1019,0
DA:1020,0
DA:1021,0
DA:1022,0
DA:1024,0
DA:1025,0
DA:1026,0
DA:1029,0
DA:1030,0
DA:1031,0
DA:1033,0
DA:1034,0
DA:1035,0
DA:1037,0
DA:1038,0
DA:1040,0
DA:1041,0
DA:1042,0
DA:1044,0
DA:1045,0
DA:1051,0
DA:1055,0
DA:1063,0
DA:1064,0
DA:1066,0
DA:1067,0
DA:1068,0
DA:1070,0
DA:1071,0
DA:1074,0
DA:1075,0
DA:1076,0
DA:1079,0
DA:1080,0
DA:1082,0
DA:1083,0
DA:1084,0
DA:1085,0
DA:1090,0
DA:1091,0
DA:1092,0
DA:1093,0
DA:1094,0
DA:1097,0
DA:1099,0
DA:1101,0
DA:1103,0
DA:1105,0
DA:1109,0
DA:1126,0
DA:1128,0
DA:1133,0
DA:1134,0
DA:1135,0
DA:1136,0
DA:1137,0
DA:1138,0
DA:1139,0
DA:1140,0
DA:1141,0
DA:1142,0
DA:1144,0
DA:1145,0
DA:1146,0
DA:1147,0
DA:1151,0
DA:1152,0
DA:1157,0
DA:1165,0
DA:1166,0
DA:1167,0
DA:1184,1
DA:1185,1
DA:1187,1
DA:1188,1
DA:1190,1
DA:1192,1
DA:1195,1
DA:1196,0
DA:1197,0
DA:1200,1
DA:1212,1
DA:1215,1
DA:1216,0
DA:1217,0
DA:1218,0
DA:1220,0
DA:1222,0
DA:1225,1
DA:1226,1
DA:1227,4
DA:1228,3
DA:1229,3
DA:1230,3
DA:1231,3
DA:1232,3
DA:1234,3
DA:1235,3
DA:1237,3
DA:1238,1
DA:1239,1
DA:1240,2
DA:1242,1
DA:1243,1
DA:1246,1
DA:1247,1
DA:1248,1
DA:1253,1
DA:1254,0
DA:1255,0
DA:1257,1
DA:1261,1
DA:1262,1
LF:531
LH:234
BRDA:9,0,0,0
BRDA:9,0,1,953
BRDA:10,1,0,0
BRDA:10,1,1,0
BRDA:17,2,0,137
BRDA:17,2,1,816
BRDA:17,3,0,953
BRDA:17,3,1,137
BRDA:26,4,0,39
BRDA:26,4,1,0
BRDA:34,5,0,0
BRDA:34,5,1,7
BRDA:34,6,0,7
BRDA:34,6,1,7
BRDA:40,7,0,0
BRDA:40,7,1,27
BRDA:45,8,0,0
BRDA:45,8,1,0
BRDA:46,9,0,0
BRDA:46,9,1,0
BRDA:48,10,0,0
BRDA:48,10,1,0
BRDA:56,11,0,0
BRDA:56,11,1,0
BRDA:61,12,0,0
BRDA:61,12,1,0
BRDA:61,13,0,0
BRDA:61,13,1,0
BRDA:63,14,0,0
BRDA:63,14,1,0
BRDA:70,15,0,0
BRDA:70,15,1,0
BRDA:86,16,0,0
BRDA:86,16,1,0
BRDA:95,17,0,7
BRDA:95,17,1,8
BRDA:110,18,0,6
BRDA:110,18,1,2
BRDA:112,19,0,15
BRDA:112,19,1,15
BRDA:115,20,0,2
BRDA:115,20,1,6
BRDA:115,21,0,8
BRDA:115,21,1,6
BRDA:119,22,0,6
BRDA:119,22,1,0
BRDA:120,23,0,6
BRDA:120,23,1,6
BRDA:126,24,0,12
BRDA:126,24,1,9
BRDA:131,25,0,0
BRDA:131,25,1,6
BRDA:132,26,0,6
BRDA:132,26,1,0
BRDA:132,27,0,15
BRDA:132,27,1,15
BRDA:133,28,0,0
BRDA:133,28,1,0
BRDA:139,29,0,0
BRDA:139,29,1,6
BRDA:144,30,0,6
BRDA:144,30,1,0
BRDA:144,31,0,6
BRDA:144,31,1,0
BRDA:144,32,0,0
BRDA:144,32,1,0
BRDA:150,33,0,2
BRDA:150,33,1,4
BRDA:150,34,0,6
BRDA:150,34,1,4
BRDA:152,35,0,4
BRDA:152,35,1,2
BRDA:153,36,0,1
BRDA:153,36,1,1
BRDA:154,37,0,2
BRDA:154,37,1,2
BRDA:154,37,2,2
BRDA:159,38,0,1
BRDA:159,38,1,0
BRDA:159,39,0,1
BRDA:159,39,1,1
BRDA:160,40,0,0
BRDA:160,40,1,1
BRDA:160,41,0,1
BRDA:160,41,1,1
BRDA:161,42,0,0
BRDA:161,42,1,1
BRDA:161,43,0,1
BRDA:161,43,1,0
BRDA:166,44,0,6
BRDA:166,44,1,0
BRDA:166,45,0,6
BRDA:166,45,1,6
BRDA:170,46,0,6
BRDA:170,46,1,0
BRDA:170,47,0,6
BRDA:170,47,1,6
BRDA:175,48,0,0
BRDA:175,48,1,6
BRDA:175,49,0,6
BRDA:175,49,1,0
BRDA:177,50,0,0
BRDA:177,50,1,0
BRDA:177,51,0,0
BRDA:177,51,1,0
BRDA:181,52,0,0
BRDA:181,52,1,0
BRDA:181,53,0,0
BRDA:181,53,1,0
BRDA:191,54,0,0
BRDA:191,54,1,6
BRDA:191,55,0,6
BRDA:191,55,1,6
BRDA:192,56,0,0
BRDA:192,56,1,0
BRDA:194,57,0,0
BRDA:194,57,1,6
BRDA:194,58,0,6
BRDA:194,58,1,6
BRDA:195,59,0,0
BRDA:195,59,1,0
BRDA:197,60,0,0
BRDA:197,60,1,0
BRDA:201,61,0,0
BRDA:201,61,1,0
BRDA:201,62,0,0
BRDA:201,62,1,0
BRDA:211,63,0,6
BRDA:211,63,1,0
BRDA:213,64,0,6
BRDA:213,64,1,0
BRDA:213,65,0,6
BRDA:213,65,1,6
BRDA:215,66,0,2
BRDA:215,66,1,4
BRDA:215,67,0,6
BRDA:215,67,1,2
BRDA:216,68,0,2
BRDA:216,68,1,4
BRDA:251,69,0,0
BRDA:251,69,1,1
BRDA:255,70,0,2
BRDA:255,70,1,0
BRDA:263,71,0,1
BRDA:263,71,1,1
BRDA:263,72,0,2
BRDA:263,72,1,1
BRDA:269,73,0,0
BRDA:269,73,1,1
BRDA:277,74,0,0
BRDA:277,74,1,1
BRDA:279,75,0,0
BRDA:279,75,1,0
BRDA:282,76,0,0
BRDA:282,76,1,1
BRDA:285,77,0,0
BRDA:285,77,1,1
BRDA:291,78,0,0
BRDA:291,78,1,0
BRDA:299,79,0,0
BRDA:299,79,1,0
BRDA:300,80,0,0
BRDA:300,80,1,0
BRDA:312,81,0,0
BRDA:312,81,1,0
BRDA:312,82,0,0
BRDA:312,82,1,0
BRDA:316,83,0,0
BRDA:316,83,1,0
BRDA:319,84,0,0
BRDA:319,84,1,0
BRDA:319,85,0,0
BRDA:319,85,1,0
BRDA:340,86,0,1
BRDA:340,86,1,1
BRDA:393,87,0,8
BRDA:393,87,1,14
BRDA:395,88,0,8
BRDA:395,88,1,0
BRDA:398,89,0,8
BRDA:398,89,1,0
BRDA:407,90,0,2
BRDA:407,90,1,3
BRDA:437,91,0,1
BRDA:437,91,1,2
BRDA:438,92,0,0
BRDA:438,92,1,3
BRDA:461,93,0,6
BRDA:461,93,1,3
BRDA:464,94,0,3
BRDA:464,94,1,3
BRDA:467,95,0,1
BRDA:467,95,1,2
BRDA:471,96,0,1
BRDA:471,96,1,1
BRDA:475,97,0,2
BRDA:475,97,1,1
BRDA:477,98,0,3
BRDA:477,98,1,0
BRDA:478,99,0,3
BRDA:478,99,1,0
BRDA:479,100,0,0
BRDA:479,100,1,3
BRDA:480,101,0,0
BRDA:480,101,1,0
BRDA:484,102,0,3
BRDA:484,102,1,0
BRDA:498,103,0,6
BRDA:498,103,1,3
BRDA:499,104,0,1
BRDA:499,104,1,5
BRDA:499,105,0,1
BRDA:499,105,1,1
BRDA:499,106,0,5
BRDA:499,106,1,5
BRDA:518,107,0,1
BRDA:518,107,1,1
BRDA:520,108,0,0
BRDA:520,108,1,2
BRDA:531,109,0,3
BRDA:531,109,1,0
BRDA:533,110,0,3
BRDA:533,110,1,0
BRDA:541,111,0,0
BRDA:541,111,1,2
BRDA:542,112,0,2
BRDA:542,112,1,0
BRDA:542,113,0,2
BRDA:542,113,1,2
BRDA:547,114,0,2
BRDA:547,114,1,1
BRDA:570,115,0,0
BRDA:570,115,1,2
BRDA:571,116,0,0
BRDA:571,116,1,2
BRDA:574,117,0,1
BRDA:574,117,1,1
BRDA:581,118,0,0
BRDA:581,118,1,1
BRDA:581,119,0,1
BRDA:581,119,1,1
BRDA:585,120,0,0
BRDA:585,120,1,1
BRDA:591,121,0,0
BRDA:591,121,1,1
BRDA:594,122,0,0
BRDA:594,122,1,0
BRDA:595,123,0,0
BRDA:595,123,1,0
BRDA:601,124,0,0
BRDA:601,124,1,1
BRDA:602,125,0,0
BRDA:602,125,1,1
BRDA:603,126,0,0
BRDA:603,126,1,1
BRDA:604,127,0,0
BRDA:604,127,1,1
BRDA:610,128,0,0
BRDA:610,128,1,1
BRDA:610,129,0,1
BRDA:610,129,1,1
BRDA:612,130,0,0
BRDA:612,130,1,0
BRDA:612,131,0,0
BRDA:612,131,1,0
BRDA:612,131,2,0
BRDA:626,132,0,0
BRDA:626,132,1,0
BRDA:626,133,0,0
BRDA:626,133,1,0
BRDA:641,134,0,0
BRDA:641,134,1,0
BRDA:641,135,0,0
BRDA:641,135,1,0
BRDA:643,136,0,0
BRDA:643,136,1,0
BRDA:646,137,0,0
BRDA:646,137,1,0
BRDA:646,138,0,0
BRDA:646,138,1,0
BRDA:651,139,0,0
BRDA:651,139,1,0
BRDA:668,140,0,0
BRDA:668,140,1,0
BRDA:668,141,0,0
BRDA:668,141,1,0
BRDA:676,142,0,0
BRDA:676,142,1,0
BRDA:680,143,0,0
BRDA:680,143,1,0
BRDA:680,144,0,0
BRDA:680,144,1,0
BRDA:695,145,0,0
BRDA:695,145,1,0
BRDA:698,146,0,0
BRDA:698,146,1,0
BRDA:698,147,0,0
BRDA:698,147,1,0
BRDA:698,147,2,0
BRDA:703,148,0,0
BRDA:703,148,1,0
BRDA:716,149,0,0
BRDA:716,149,1,0
BRDA:730,150,0,0
BRDA:730,150,1,1
BRDA:730,151,0,1
BRDA:730,151,1,1
BRDA:736,152,0,1
BRDA:736,152,1,0
BRDA:736,153,0,1
BRDA:736,153,1,1
BRDA:756,154,0,0
BRDA:756,154,1,0
BRDA:756,155,0,0
BRDA:756,155,1,0
BRDA:769,156,0,0
BRDA:769,156,1,0
BRDA:769,157,0,0
BRDA:769,157,1,0
BRDA:770,158,0,0
BRDA:770,158,1,0
BRDA:779,159,0,0
BRDA:779,159,1,0
BRDA:779,160,0,0
BRDA:779,160,1,0
BRDA:802,161,0,0
BRDA:802,161,1,0
BRDA:802,162,0,0
BRDA:802,162,1,0
BRDA:803,163,0,0
BRDA:803,163,1,0
BRDA:807,164,0,0
BRDA:807,164,1,0
BRDA:815,165,0,0
BRDA:815,165,1,0
BRDA:815,166,0,0
BRDA:815,166,1,0
BRDA:818,167,0,0
BRDA:818,167,1,0
BRDA:818,168,0,0
BRDA:818,168,1,0
BRDA:822,169,0,0
BRDA:822,169,1,0
BRDA:822,170,0,0
BRDA:822,170,1,0
BRDA:834,171,0,0
BRDA:834,171,1,0
BRDA:835,172,0,0
BRDA:835,172,1,0
BRDA:835,172,2,0
BRDA:835,172,3,0
BRDA:841,173,0,0
BRDA:841,173,1,0
BRDA:844,174,0,0
BRDA:844,174,1,0
BRDA:847,175,0,0
BRDA:847,175,1,0
BRDA:848,176,0,0
BRDA:848,176,1,0
BRDA:850,177,0,0
BRDA:850,177,1,0
BRDA:850,178,0,0
BRDA:850,178,1,0
BRDA:851,179,0,0
BRDA:851,179,1,0
BRDA:851,179,2,0
BRDA:852,180,0,0
BRDA:852,180,1,0
BRDA:852,180,2,0
BRDA:853,181,0,0
BRDA:853,181,1,0
BRDA:853,181,2,0
BRDA:854,182,0,0
BRDA:854,182,1,0
BRDA:855,183,0,0
BRDA:855,183,1,0
BRDA:856,184,0,0
BRDA:856,184,1,0
BRDA:857,185,0,0
BRDA:857,185,1,0
BRDA:896,186,0,0
BRDA:896,186,1,0
BRDA:897,187,0,0
BRDA:897,187,1,0
BRDA:898,188,0,0
BRDA:898,188,1,0
BRDA:899,189,0,0
BRDA:899,189,1,0
BRDA:912,190,0,0
BRDA:912,190,1,0
BRDA:952,191,0,0
BRDA:952,191,1,0
BRDA:974,192,0,0
BRDA:974,192,1,0
BRDA:1006,193,0,0
BRDA:1006,193,1,0
BRDA:1006,194,0,0
BRDA:1006,194,1,0
BRDA:1010,195,0,0
BRDA:1010,195,1,0
BRDA:1014,196,0,0
BRDA:1014,196,1,0
BRDA:1014,197,0,0
BRDA:1014,197,1,0
BRDA:1017,198,0,0
BRDA:1017,198,1,0
BRDA:1017,199,0,0
BRDA:1017,199,1,0
BRDA:1021,200,0,0
BRDA:1021,200,1,0
BRDA:1024,201,0,0
BRDA:1024,201,1,0
BRDA:1024,202,0,0
BRDA:1024,202,1,0
BRDA:1025,203,0,0
BRDA:1025,203,1,0
BRDA:1029,204,0,0
BRDA:1029,204,1,0
BRDA:1032,205,0,0
BRDA:1032,205,1,0
BRDA:1038,206,0,0
BRDA:1038,206,1,0
BRDA:1051,207,0,0
BRDA:1051,207,1,0
BRDA:1051,207,2,0
BRDA:1053,208,0,0
BRDA:1053,208,1,0
BRDA:1067,209,0,0
BRDA:1067,209,1,0
BRDA:1067,210,0,0
BRDA:1067,210,1,0
BRDA:1074,211,0,0
BRDA:1074,211,1,0
BRDA:1079,212,0,0
BRDA:1079,212,1,0
BRDA:1083,213,0,0
BRDA:1083,213,1,0
BRDA:1091,214,0,0
BRDA:1091,214,1,0
BRDA:1092,215,0,0
BRDA:1092,215,1,0
BRDA:1093,216,0,0
BRDA:1093,216,1,0
BRDA:1094,217,0,0
BRDA:1094,217,1,0
BRDA:1097,218,0,0
BRDA:1097,218,1,0
BRDA:1099,219,0,0
BRDA:1099,219,1,0
BRDA:1101,220,0,0
BRDA:1101,220,1,0
BRDA:1103,221,0,0
BRDA:1103,221,1,0
BRDA:1105,222,0,0
BRDA:1105,222,1,0
BRDA:1137,223,0,0
BRDA:1137,223,1,0
BRDA:1139,224,0,0
BRDA:1139,224,1,0
BRDA:1145,225,0,0
BRDA:1145,225,1,0
BRDA:1146,226,0,0
BRDA:1146,226,1,0
BRDA:1146,227,0,0
BRDA:1146,227,1,0
BRDA:1151,228,0,0
BRDA:1151,228,1,0
BRDA:1151,229,0,0
BRDA:1151,229,1,0
BRDA:1151,229,2,0
BRDA:1185,230,0,0
BRDA:1185,230,1,1
BRDA:1192,231,0,1
BRDA:1192,231,1,1
BRDA:1192,231,2,0
BRDA:1195,232,0,0
BRDA:1195,232,1,1
BRDA:1201,233,0,1
BRDA:1201,233,1,1
BRDA:1215,234,0,0
BRDA:1215,234,1,1
BRDA:1217,235,0,0
BRDA:1217,235,1,0
BRDA:1227,236,0,1
BRDA:1227,236,1,3
BRDA:1229,237,0,3
BRDA:1229,237,1,0
BRDA:1232,238,0,0
BRDA:1232,238,1,3
BRDA:1232,239,0,3
BRDA:1232,239,1,3
BRDA:1237,240,0,1
BRDA:1237,240,1,2
BRDA:1237,241,0,3
BRDA:1237,241,1,1
BRDA:1240,242,0,2
BRDA:1240,242,1,2
BRDA:1242,243,0,1
BRDA:1242,243,1,0
BRDA:1253,244,0,0
BRDA:1253,244,1,1
BRF:501
BRH:172
end_of_record
TN:
SF:tests/mock-app.js
FN:1,(anonymous_0)
FN:1,(anonymous_1)
FN:1,(anonymous_2)
FN:1,(anonymous_3)
FN:1,(anonymous_4)
FN:1,(anonymous_5)
FN:1,(anonymous_6)
FNF:7
FNH:2
FNDA:3,(anonymous_0)
FNDA:0,(anonymous_1)
FNDA:0,(anonymous_2)
FNDA:0,(anonymous_3)
FNDA:1,(anonymous_4)
FNDA:0,(anonymous_5)
FNDA:0,(anonymous_6)
DA:1,3
LF:1
LH:1
BRF:0
BRH:0
end_of_record
